#
# There is insufficient memory for the Java Runtime Environment to continue.
# Native memory allocation (malloc) failed to allocate 2097152 bytes for AllocateHeap
# Possible reasons:
#   The system is out of physical RAM or swap space
#   The process is running with CompressedOops enabled, and the Java Heap may be blocking the growth of the native heap
# Possible solutions:
#   Reduce memory load on the system
#   Increase physical memory or swap space
#   Check if swap backing store is full
#   Decrease Java heap size (-Xmx/-Xms)
#   Decrease number of Java threads
#   Decrease Java thread stack sizes (-Xss)
#   Set larger code cache with -XX:ReservedCodeCacheSize=
#   JVM is running with Unscaled Compressed Oops mode in which the Java heap is
#     placed in the first 4GB address space. The Java Heap base address is the
#     maximum limit for the native heap growth. Please use -XX:HeapBaseMinAddress
#     to set the Java Heap base and to place the Java Heap above 4GB virtual address.
# This output file may be truncated or incomplete.
#
#  Out of Memory Error (allocation.cpp:44), pid=924, tid=9052
#
# JRE version: OpenJDK Runtime Environment Temurin-17.0.7+7 (17.0.7+7) (build 17.0.7+7)
# Java VM: OpenJDK 64-Bit Server VM Temurin-17.0.7+7 (17.0.7+7, mixed mode, emulated-client, tiered, compressed oops, compressed class ptrs, g1 gc, windows-amd64)
# No core dump will be written. Minidumps are not enabled by default on client versions of Windows
#

---------------  S U M M A R Y ------------

Command Line: -XX:+HeapDumpOnOutOfMemoryError -Xmx1024m -Dsts.lsp.client=vscode -Dsts.log.file=/dev/null -XX:TieredStopAtLevel=1 -Xlog:jni+resolve=off -Dspring.config.location=file:c:\Users\MSI PC\.vscode\extensions\vmware.vscode-spring-boot-1.48.0\language-server\BOOT-INF\classes\application.properties org.springframework.ide.vscode.boot.app.BootLanguageServerBootApp

Host: AMD Ryzen 5 5600H with Radeon Graphics         , 12 cores, 7G,  Windows 11 , 64 bit Build 22621 (10.0.22621.1928)
Time: Tue Aug  8 09:39:19 2023 SE Asia Standard Time elapsed time: 3795.268431 seconds (0d 1h 3m 15s)

---------------  T H R E A D  ---------------

Current thread (0x000002ba1154e400):  VMThread "VM Thread" [stack: 0x000000e200800000,0x000000e200900000] [id=9052]

Stack: [0x000000e200800000,0x000000e200900000]
Native frames: (J=compiled Java code, j=interpreted, Vv=VM code, C=native code)
V  [jvm.dll+0x67754a]
V  [jvm.dll+0x834304]
V  [jvm.dll+0x835aae]
V  [jvm.dll+0x836113]
V  [jvm.dll+0x24696f]
V  [jvm.dll+0xa681f]
V  [jvm.dll+0x2f7481]
V  [jvm.dll+0x2f30f0]
V  [jvm.dll+0x2db6c7]
V  [jvm.dll+0x31e777]
V  [jvm.dll+0x83a5bb]
V  [jvm.dll+0x83b2f4]
V  [jvm.dll+0x83b80c]
V  [jvm.dll+0x83bbe4]
V  [jvm.dll+0x83bcb0]
V  [jvm.dll+0x7e4e7a]
V  [jvm.dll+0x676395]
C  [ucrtbase.dll+0x29363]
C  [KERNEL32.DLL+0x126ad]
C  [ntdll.dll+0x5aa68]

VM_Operation (0x000000e2022fecc0): G1CollectFull, mode: safepoint, requested by thread 0x000002ba17398cb0


---------------  P R O C E S S  ---------------

Threads class SMR info:
_java_thread_list=0x000002ba1bced730, length=25, elements={
0x000002ba11563380, 0x000002ba11563e40, 0x000002ba116b2ac0, 0x000002ba116b5490,
0x000002ba116b5d50, 0x000002ba116b6610, 0x000002ba116bcf30, 0x000002ba116c0d30,
0x000002ba118c7e40, 0x000002ba118d0b60, 0x000002ba172c4810, 0x000002ba17249e30,
0x000002ba17398cb0, 0x000002ba17380c40, 0x000002ba062e6270, 0x000002ba16eed490,
0x000002ba17445310, 0x000002ba175f27d0, 0x000002ba175f0fc0, 0x000002ba175f1960,
0x000002ba175ee940, 0x000002ba175f2300, 0x000002ba175f0af0, 0x000002ba175edad0,
0x000002ba175f1e30
}

Java Threads: ( => current thread )
  0x000002ba11563380 JavaThread "Reference Handler" daemon [_thread_blocked, id=17468, stack(0x000000e200900000,0x000000e200a00000)]
  0x000002ba11563e40 JavaThread "Finalizer" daemon [_thread_blocked, id=5152, stack(0x000000e200a00000,0x000000e200b00000)]
  0x000002ba116b2ac0 JavaThread "Signal Dispatcher" daemon [_thread_blocked, id=20244, stack(0x000000e200b00000,0x000000e200c00000)]
  0x000002ba116b5490 JavaThread "Attach Listener" daemon [_thread_blocked, id=3972, stack(0x000000e200c00000,0x000000e200d00000)]
  0x000002ba116b5d50 JavaThread "Service Thread" daemon [_thread_blocked, id=19968, stack(0x000000e200d00000,0x000000e200e00000)]
  0x000002ba116b6610 JavaThread "Monitor Deflation Thread" daemon [_thread_blocked, id=19088, stack(0x000000e200e00000,0x000000e200f00000)]
  0x000002ba116bcf30 JavaThread "C1 CompilerThread0" daemon [_thread_blocked, id=16192, stack(0x000000e200f00000,0x000000e201000000)]
  0x000002ba116c0d30 JavaThread "Sweeper thread" daemon [_thread_blocked, id=10484, stack(0x000000e201000000,0x000000e201100000)]
  0x000002ba118c7e40 JavaThread "Notification Thread" daemon [_thread_blocked, id=1568, stack(0x000000e201100000,0x000000e201200000)]
  0x000002ba118d0b60 JavaThread "Common-Cleaner" daemon [_thread_blocked, id=8420, stack(0x000000e201300000,0x000000e201400000)]
  0x000002ba172c4810 JavaThread "boundedElastic-evictor-1" daemon [_thread_blocked, id=19992, stack(0x000000e201c00000,0x000000e201d00000)]
  0x000002ba17249e30 JavaThread "boundedElastic-evictor-2" daemon [_thread_blocked, id=17688, stack(0x000000e202100000,0x000000e202200000)]
  0x000002ba17398cb0 JavaThread "pool-11-thread-1" [_thread_blocked, id=20032, stack(0x000000e202200000,0x000000e202300000)]
  0x000002ba17380c40 JavaThread "LanguageServerApp-lifecycle" [_thread_blocked, id=6824, stack(0x000000e202300000,0x000000e202400000)]
  0x000002ba062e6270 JavaThread "DestroyJavaVM" [_thread_blocked, id=11796, stack(0x000000e200200000,0x000000e200300000)]
  0x000002ba16eed490 JavaThread "pool-12-thread-1" [_thread_in_native, id=20340, stack(0x000000e202400000,0x000000e202500000)]
  0x000002ba17445310 JavaThread "Simple-Language-Server main thread" daemon [_thread_blocked, id=14764, stack(0x000000e202500000,0x000000e202600000)]
  0x000002ba175f27d0 JavaThread "parallel-1" daemon [_thread_blocked, id=4008, stack(0x000000e203d00000,0x000000e203e00000)]
  0x000002ba175f0fc0 JavaThread "pool-5-thread-1" [_thread_blocked, id=3864, stack(0x000000e204000000,0x000000e204100000)]
  0x000002ba175f1960 JavaThread "parallel-2" daemon [_thread_blocked, id=19248, stack(0x000000e204100000,0x000000e204200000)]
  0x000002ba175ee940 JavaThread "parallel-3" daemon [_thread_blocked, id=2156, stack(0x000000e202b00000,0x000000e202c00000)]
  0x000002ba175f2300 JavaThread "parallel-4" daemon [_thread_blocked, id=18420, stack(0x000000e200000000,0x000000e200100000)]
  0x000002ba175f0af0 JavaThread "Reconciler-1" daemon [_thread_blocked, id=7604, stack(0x000000e202700000,0x000000e202800000)]
  0x000002ba175edad0 JavaThread "pool-7-thread-1" [_thread_blocked, id=22160, stack(0x000000e201400000,0x000000e201500000)]
  0x000002ba175f1e30 JavaThread "parallel-5" daemon [_thread_blocked, id=20072, stack(0x000000e202600000,0x000000e202700000)]

Other Threads:
=>0x000002ba1154e400 VMThread "VM Thread" [stack: 0x000000e200800000,0x000000e200900000] [id=9052]
  0x000002ba118c8310 WatcherThread [stack: 0x000000e201200000,0x000000e201300000] [id=19572]
  0x000002ba06324650 GCTaskThread "GC Thread#0" [stack: 0x000000e200300000,0x000000e200400000] [id=12996]
  0x000002ba16868830 GCTaskThread "GC Thread#1" [stack: 0x000000e201500000,0x000000e201600000] [id=13976]
  0x000002ba168968c0 GCTaskThread "GC Thread#2" [stack: 0x000000e201600000,0x000000e201700000] [id=11476]
  0x000002ba16897b80 GCTaskThread "GC Thread#3" [stack: 0x000000e201700000,0x000000e201800000] [id=16176]
  0x000002ba16ab2f00 GCTaskThread "GC Thread#4" [stack: 0x000000e201800000,0x000000e201900000] [id=17380]
  0x000002ba16ab31b0 GCTaskThread "GC Thread#5" [stack: 0x000000e201900000,0x000000e201a00000] [id=1640]
  0x000002ba16ab3460 GCTaskThread "GC Thread#6" [stack: 0x000000e201a00000,0x000000e201b00000] [id=19892]
  0x000002ba16ab3f30 GCTaskThread "GC Thread#7" [stack: 0x000000e201b00000,0x000000e201c00000] [id=15816]
  0x000002ba16c54550 GCTaskThread "GC Thread#8" [stack: 0x000000e201d00000,0x000000e201e00000] [id=18804]
  0x000002ba16b4e1a0 GCTaskThread "GC Thread#9" [stack: 0x000000e201e00000,0x000000e201f00000] [id=18440]
  0x000002ba0632d600 ConcurrentGCThread "G1 Main Marker" [stack: 0x000000e200400000,0x000000e200500000] [id=5356]
  0x000002ba0632e6c0 ConcurrentGCThread "G1 Conc#0" [stack: 0x000000e200500000,0x000000e200600000] [id=19648]
  0x000002ba16ba83e0 ConcurrentGCThread "G1 Conc#1" [stack: 0x000000e201f00000,0x000000e202000000] [id=11828]
  0x000002ba16c54140 ConcurrentGCThread "G1 Conc#2" [stack: 0x000000e202000000,0x000000e202100000] [id=15936]
  0x000002ba113c20c0 ConcurrentGCThread "G1 Refine#0" [stack: 0x000000e200600000,0x000000e200700000] [id=18968]
  0x000002ba181b7030 ConcurrentGCThread "G1 Refine#1" [stack: 0x000000e204200000,0x000000e204300000] [id=13748]
  0x000002ba1839d490 ConcurrentGCThread "G1 Refine#2" [stack: 0x000000e204300000,0x000000e204400000] [id=10972]
  0x000002ba182d2590 ConcurrentGCThread "G1 Refine#3" [stack: 0x000000e204400000,0x000000e204500000] [id=18484]
  0x000002ba17f66df0 ConcurrentGCThread "G1 Refine#4" [stack: 0x000000e204500000,0x000000e204600000] [id=19564]
  0x000002ba18276a20 ConcurrentGCThread "G1 Refine#5" [stack: 0x000000e204600000,0x000000e204700000] [id=3984]
  0x000002ba18801480 ConcurrentGCThread "G1 Refine#6" [stack: 0x000000e204c00000,0x000000e204d00000] [id=12640]
  0x000002ba18801760 ConcurrentGCThread "G1 Refine#7" [stack: 0x000000e204e00000,0x000000e204f00000] [id=1392]
  0x000002ba113c38a0 ConcurrentGCThread "G1 Service" [stack: 0x000000e200700000,0x000000e200800000] [id=2456]

Threads with active compile tasks:

VM state: at safepoint (normal execution)

VM Mutex/Monitor currently owned by a thread:  ([mutex/lock_event])
[0x000002ba04103c70] Threads_lock - owner thread: 0x000002ba1154e400
[0x000002ba062e2cd0] Heap_lock - owner thread: 0x000002ba17398cb0

Heap address: 0x00000000c0000000, size: 1024 MB, Compressed Oops mode: 32-bit

CDS archive(s) not mapped
Compressed class space mapped at: 0x0000000100000000-0x0000000140000000, reserved size: 1073741824
Narrow klass base: 0x0000000000000000, Narrow klass shift: 3, Narrow klass range: 0x140000000

GC Precious Log:
 CPUs: 12 total, 12 available
 Memory: 7562M
 Large Page Support: Disabled
 NUMA Support: Disabled
 Compressed Oops: Enabled (32-bit)
 Heap Region Size: 1M
 Heap Min Capacity: 8M
 Heap Initial Capacity: 120M
 Heap Max Capacity: 1G
 Pre-touch: Disabled
 Parallel Workers: 10
 Concurrent Workers: 3
 Concurrent Refinement Workers: 10
 Periodic GC: Disabled

Heap:
 garbage-first heap   total 337920K, used 99014K [0x00000000c0000000, 0x0000000100000000)
  region size 1024K, 1 young (1024K), 0 survivors (0K)
 Metaspace       used 75452K, committed 75904K, reserved 1179648K
  class space    used 10329K, committed 10560K, reserved 1048576K

Heap Regions: E=young(eden), S=young(survivor), O=old, HS=humongous(starts), HC=humongous(continues), CS=collection set, F=free, OA=open archive, CA=closed archive, TAMS=top-at-mark-start (previous, next)
|   0|0x00000000c0000000, 0x00000000c0100000, 0x00000000c0100000|100%| O|  |TAMS 0x00000000c0100000, 0x00000000c0000000| Untracked 
|   1|0x00000000c0100000, 0x00000000c01ffff8, 0x00000000c0200000| 99%| O|  |TAMS 0x00000000c01ffff8, 0x00000000c0100000| Untracked 
|   2|0x00000000c0200000, 0x00000000c0300000, 0x00000000c0300000|100%| O|  |TAMS 0x00000000c0300000, 0x00000000c0200000| Untracked 
|   3|0x00000000c0300000, 0x00000000c03ffff0, 0x00000000c0400000| 99%| O|  |TAMS 0x00000000c03ffff0, 0x00000000c0300000| Untracked 
|   4|0x00000000c0400000, 0x00000000c0500000, 0x00000000c0500000|100%| O|  |TAMS 0x00000000c0500000, 0x00000000c0400000| Untracked 
|   5|0x00000000c0500000, 0x00000000c05fffd0, 0x00000000c0600000| 99%| O|  |TAMS 0x00000000c05fffd0, 0x00000000c0500000| Untracked 
|   6|0x00000000c0600000, 0x00000000c06fffe0, 0x00000000c0700000| 99%| O|  |TAMS 0x00000000c06fffe0, 0x00000000c0600000| Untracked 
|   7|0x00000000c0700000, 0x00000000c07fffb8, 0x00000000c0800000| 99%| O|  |TAMS 0x00000000c07fffb8, 0x00000000c0700000| Untracked 
|   8|0x00000000c0800000, 0x00000000c08ffff0, 0x00000000c0900000| 99%| O|  |TAMS 0x00000000c08ffff0, 0x00000000c0800000| Untracked 
|   9|0x00000000c0900000, 0x00000000c09fffd8, 0x00000000c0a00000| 99%| O|  |TAMS 0x00000000c09fffd8, 0x00000000c0900000| Untracked 
|  10|0x00000000c0a00000, 0x00000000c0affe30, 0x00000000c0b00000| 99%| O|  |TAMS 0x00000000c0affe30, 0x00000000c0a00000| Untracked 
|  11|0x00000000c0b00000, 0x00000000c0bfffd8, 0x00000000c0c00000| 99%| O|  |TAMS 0x00000000c0bfffd8, 0x00000000c0b00000| Untracked 
|  12|0x00000000c0c00000, 0x00000000c0d00000, 0x00000000c0d00000|100%| O|  |TAMS 0x00000000c0d00000, 0x00000000c0c00000| Untracked 
|  13|0x00000000c0d00000, 0x00000000c0dffff8, 0x00000000c0e00000| 99%| O|  |TAMS 0x00000000c0dffff8, 0x00000000c0d00000| Untracked 
|  14|0x00000000c0e00000, 0x00000000c0efffe8, 0x00000000c0f00000| 99%| O|  |TAMS 0x00000000c0efffe8, 0x00000000c0e00000| Untracked 
|  15|0x00000000c0f00000, 0x00000000c0fffff0, 0x00000000c1000000| 99%| O|  |TAMS 0x00000000c0fffff0, 0x00000000c0f00000| Untracked 
|  16|0x00000000c1000000, 0x00000000c10ffff0, 0x00000000c1100000| 99%| O|  |TAMS 0x00000000c10ffff0, 0x00000000c1000000| Untracked 
|  17|0x00000000c1100000, 0x00000000c11fffd8, 0x00000000c1200000| 99%| O|  |TAMS 0x00000000c11fffd8, 0x00000000c1100000| Untracked 
|  18|0x00000000c1200000, 0x00000000c12fffd0, 0x00000000c1300000| 99%| O|  |TAMS 0x00000000c12fffd0, 0x00000000c1200000| Untracked 
|  19|0x00000000c1300000, 0x00000000c13fffe0, 0x00000000c1400000| 99%| O|  |TAMS 0x00000000c13fffe0, 0x00000000c1300000| Untracked 
|  20|0x00000000c1400000, 0x00000000c14ffff8, 0x00000000c1500000| 99%| O|  |TAMS 0x00000000c14ffff8, 0x00000000c1400000| Untracked 
|  21|0x00000000c1500000, 0x00000000c15ffff8, 0x00000000c1600000| 99%| O|  |TAMS 0x00000000c15ffff8, 0x00000000c1500000| Untracked 
|  22|0x00000000c1600000, 0x00000000c16fff80, 0x00000000c1700000| 99%| O|  |TAMS 0x00000000c16fff80, 0x00000000c1600000| Untracked 
|  23|0x00000000c1700000, 0x00000000c17ffff0, 0x00000000c1800000| 99%| O|  |TAMS 0x00000000c17ffff0, 0x00000000c1700000| Untracked 
|  24|0x00000000c1800000, 0x00000000c18f7c00, 0x00000000c1900000| 96%| O|  |TAMS 0x00000000c18f7c00, 0x00000000c1800000| Untracked 
|  25|0x00000000c1900000, 0x00000000c19ffff0, 0x00000000c1a00000| 99%| O|  |TAMS 0x00000000c19ffff0, 0x00000000c1900000| Untracked 
|  26|0x00000000c1a00000, 0x00000000c1b00000, 0x00000000c1b00000|100%| O|  |TAMS 0x00000000c1b00000, 0x00000000c1a00000| Untracked 
|  27|0x00000000c1b00000, 0x00000000c1bfffe8, 0x00000000c1c00000| 99%| O|  |TAMS 0x00000000c1bfffe8, 0x00000000c1b00000| Untracked 
|  28|0x00000000c1c00000, 0x00000000c1cffff0, 0x00000000c1d00000| 99%| O|  |TAMS 0x00000000c1cffff0, 0x00000000c1c00000| Untracked 
|  29|0x00000000c1d00000, 0x00000000c1e00000, 0x00000000c1e00000|100%| O|  |TAMS 0x00000000c1e00000, 0x00000000c1d00000| Untracked 
|  30|0x00000000c1e00000, 0x00000000c1effff8, 0x00000000c1f00000| 99%| O|  |TAMS 0x00000000c1effff8, 0x00000000c1e00000| Untracked 
|  31|0x00000000c1f00000, 0x00000000c1fffff0, 0x00000000c2000000| 99%| O|  |TAMS 0x00000000c1fffff0, 0x00000000c1f00000| Untracked 
|  32|0x00000000c2000000, 0x00000000c20fffa0, 0x00000000c2100000| 99%| O|  |TAMS 0x00000000c20fffa0, 0x00000000c2000000| Untracked 
|  33|0x00000000c2100000, 0x00000000c21fffe8, 0x00000000c2200000| 99%| O|  |TAMS 0x00000000c21fffe8, 0x00000000c2100000| Untracked 
|  34|0x00000000c2200000, 0x00000000c22fffd8, 0x00000000c2300000| 99%| O|  |TAMS 0x00000000c22fffd8, 0x00000000c2200000| Untracked 
|  35|0x00000000c2300000, 0x00000000c23ffff0, 0x00000000c2400000| 99%| O|  |TAMS 0x00000000c23ffff0, 0x00000000c2300000| Untracked 
|  36|0x00000000c2400000, 0x00000000c2500000, 0x00000000c2500000|100%| O|  |TAMS 0x00000000c2500000, 0x00000000c2400000| Untracked 
|  37|0x00000000c2500000, 0x00000000c25fffc8, 0x00000000c2600000| 99%| O|  |TAMS 0x00000000c25fffc8, 0x00000000c2500000| Untracked 
|  38|0x00000000c2600000, 0x00000000c26ffff8, 0x00000000c2700000| 99%| O|  |TAMS 0x00000000c26ffff8, 0x00000000c2600000| Untracked 
|  39|0x00000000c2700000, 0x00000000c2800000, 0x00000000c2800000|100%| O|  |TAMS 0x00000000c2800000, 0x00000000c2700000| Untracked 
|  40|0x00000000c2800000, 0x00000000c2900000, 0x00000000c2900000|100%|HS|  |TAMS 0x00000000c2900000, 0x00000000c2800000| Untracked 
|  41|0x00000000c2900000, 0x00000000c2a00000, 0x00000000c2a00000|100%| O|  |TAMS 0x00000000c2a00000, 0x00000000c2900000| Untracked 
|  42|0x00000000c2a00000, 0x00000000c2b00000, 0x00000000c2b00000|100%| O|  |TAMS 0x00000000c2b00000, 0x00000000c2a00000| Untracked 
|  43|0x00000000c2b00000, 0x00000000c2c00000, 0x00000000c2c00000|100%| O|  |TAMS 0x00000000c2c00000, 0x00000000c2b00000| Untracked 
|  44|0x00000000c2c00000, 0x00000000c2d00000, 0x00000000c2d00000|100%| O|  |TAMS 0x00000000c2d00000, 0x00000000c2c00000| Untracked 
|  45|0x00000000c2d00000, 0x00000000c2e00000, 0x00000000c2e00000|100%| O|  |TAMS 0x00000000c2e00000, 0x00000000c2d00000| Untracked 
|  46|0x00000000c2e00000, 0x00000000c2f00000, 0x00000000c2f00000|100%| O|  |TAMS 0x00000000c2f00000, 0x00000000c2e00000| Untracked 
|  47|0x00000000c2f00000, 0x00000000c3000000, 0x00000000c3000000|100%| O|  |TAMS 0x00000000c3000000, 0x00000000c2f00000| Untracked 
|  48|0x00000000c3000000, 0x00000000c30fffd0, 0x00000000c3100000| 99%| O|  |TAMS 0x00000000c30fffd0, 0x00000000c3000000| Untracked 
|  49|0x00000000c3100000, 0x00000000c31ffff0, 0x00000000c3200000| 99%| O|  |TAMS 0x00000000c31ffff0, 0x00000000c3100000| Untracked 
|  50|0x00000000c3200000, 0x00000000c3300000, 0x00000000c3300000|100%| O|  |TAMS 0x00000000c3300000, 0x00000000c3200000| Untracked 
|  51|0x00000000c3300000, 0x00000000c33fffa0, 0x00000000c3400000| 99%| O|  |TAMS 0x00000000c33fffa0, 0x00000000c3300000| Untracked 
|  52|0x00000000c3400000, 0x00000000c34fffb0, 0x00000000c3500000| 99%| O|  |TAMS 0x00000000c34fffb0, 0x00000000c3400000| Untracked 
|  53|0x00000000c3500000, 0x00000000c35ffff8, 0x00000000c3600000| 99%| O|  |TAMS 0x00000000c35ffff8, 0x00000000c3500000| Untracked 
|  54|0x00000000c3600000, 0x00000000c3700000, 0x00000000c3700000|100%| O|  |TAMS 0x00000000c3700000, 0x00000000c3600000| Untracked 
|  55|0x00000000c3700000, 0x00000000c37ffff0, 0x00000000c3800000| 99%| O|  |TAMS 0x00000000c37ffff0, 0x00000000c3700000| Untracked 
|  56|0x00000000c3800000, 0x00000000c38fffa8, 0x00000000c3900000| 99%| O|  |TAMS 0x00000000c38fffa8, 0x00000000c3800000| Untracked 
|  57|0x00000000c3900000, 0x00000000c3a00000, 0x00000000c3a00000|100%| O|  |TAMS 0x00000000c3a00000, 0x00000000c3900000| Untracked 
|  58|0x00000000c3a00000, 0x00000000c3b00000, 0x00000000c3b00000|100%|HS|  |TAMS 0x00000000c3b00000, 0x00000000c3a00000| Untracked 
|  59|0x00000000c3b00000, 0x00000000c3c00000, 0x00000000c3c00000|100%| O|  |TAMS 0x00000000c3c00000, 0x00000000c3b00000| Untracked 
|  60|0x00000000c3c00000, 0x00000000c3d00000, 0x00000000c3d00000|100%| O|  |TAMS 0x00000000c3d00000, 0x00000000c3c00000| Untracked 
|  61|0x00000000c3d00000, 0x00000000c3e00000, 0x00000000c3e00000|100%| O|  |TAMS 0x00000000c3e00000, 0x00000000c3d00000| Untracked 
|  62|0x00000000c3e00000, 0x00000000c3ebd8c8, 0x00000000c3f00000| 74%| O|  |TAMS 0x00000000c3e00000, 0x00000000c3e00000| Untracked 
|  63|0x00000000c3f00000, 0x00000000c4000000, 0x00000000c4000000|100%| O|  |TAMS 0x00000000c4000000, 0x00000000c3f00000| Untracked 
|  64|0x00000000c4000000, 0x00000000c40ffff8, 0x00000000c4100000| 99%| O|  |TAMS 0x00000000c40ffff8, 0x00000000c4000000| Untracked 
|  65|0x00000000c4100000, 0x00000000c41ffff8, 0x00000000c4200000| 99%| O|  |TAMS 0x00000000c41ffff8, 0x00000000c4100000| Untracked 
|  66|0x00000000c4200000, 0x00000000c42fffc8, 0x00000000c4300000| 99%| O|  |TAMS 0x00000000c42fffc8, 0x00000000c4200000| Untracked 
|  67|0x00000000c4300000, 0x00000000c4400000, 0x00000000c4400000|100%| O|  |TAMS 0x00000000c4400000, 0x00000000c4300000| Untracked 
|  68|0x00000000c4400000, 0x00000000c4500000, 0x00000000c4500000|100%| O|  |TAMS 0x00000000c4500000, 0x00000000c4400000| Untracked 
|  69|0x00000000c4500000, 0x00000000c45ffff0, 0x00000000c4600000| 99%| O|  |TAMS 0x00000000c45ffff0, 0x00000000c4500000| Untracked 
|  70|0x00000000c4600000, 0x00000000c46fffd0, 0x00000000c4700000| 99%| O|  |TAMS 0x00000000c46fffd0, 0x00000000c4600000| Untracked 
|  71|0x00000000c4700000, 0x00000000c47fffe8, 0x00000000c4800000| 99%| O|  |TAMS 0x00000000c47fffe8, 0x00000000c4700000| Untracked 
|  72|0x00000000c4800000, 0x00000000c4900000, 0x00000000c4900000|100%|HS|  |TAMS 0x00000000c4900000, 0x00000000c4800000| Untracked 
|  73|0x00000000c4900000, 0x00000000c4a00000, 0x00000000c4a00000|100%|HC|  |TAMS 0x00000000c4a00000, 0x00000000c4900000| Untracked 
|  74|0x00000000c4a00000, 0x00000000c4b00000, 0x00000000c4b00000|100%|HC|  |TAMS 0x00000000c4b00000, 0x00000000c4a00000| Untracked 
|  75|0x00000000c4b00000, 0x00000000c4c00000, 0x00000000c4c00000|100%| O|  |TAMS 0x00000000c4c00000, 0x00000000c4b00000| Untracked 
|  76|0x00000000c4c00000, 0x00000000c4cd4c68, 0x00000000c4d00000| 83%| O|  |TAMS 0x00000000c4c00000, 0x00000000c4c00000| Untracked 
|  77|0x00000000c4d00000, 0x00000000c4dffff8, 0x00000000c4e00000| 99%| O|  |TAMS 0x00000000c4dffff8, 0x00000000c4d00000| Untracked 
|  78|0x00000000c4e00000, 0x00000000c4effff8, 0x00000000c4f00000| 99%| O|  |TAMS 0x00000000c4effff8, 0x00000000c4e00000| Untracked 
|  79|0x00000000c4f00000, 0x00000000c4ff4df0, 0x00000000c5000000| 95%| O|  |TAMS 0x00000000c4ff4df0, 0x00000000c4f00000| Untracked 
|  80|0x00000000c5000000, 0x00000000c50f5268, 0x00000000c5100000| 95%| O|  |TAMS 0x00000000c50f5268, 0x00000000c5000000| Untracked 
|  81|0x00000000c5100000, 0x00000000c5200000, 0x00000000c5200000|100%| O|  |TAMS 0x00000000c5200000, 0x00000000c5100000| Untracked 
|  82|0x00000000c5200000, 0x00000000c5300000, 0x00000000c5300000|100%| O|  |TAMS 0x00000000c5300000, 0x00000000c5200000| Untracked 
|  83|0x00000000c5300000, 0x00000000c5400000, 0x00000000c5400000|100%| O|  |TAMS 0x00000000c5400000, 0x00000000c5300000| Untracked 
|  84|0x00000000c5400000, 0x00000000c549d068, 0x00000000c5500000| 61%| O|  |TAMS 0x00000000c5400000, 0x00000000c5400000| Untracked 
|  85|0x00000000c5500000, 0x00000000c55fffc8, 0x00000000c5600000| 99%| O|  |TAMS 0x00000000c55fffc8, 0x00000000c5500000| Untracked 
|  86|0x00000000c5600000, 0x00000000c566f770, 0x00000000c5700000| 43%| O|  |TAMS 0x00000000c5600000, 0x00000000c5600000| Untracked 
|  87|0x00000000c5700000, 0x00000000c57ffff0, 0x00000000c5800000| 99%| O|  |TAMS 0x00000000c57ffff0, 0x00000000c5700000| Untracked 
|  88|0x00000000c5800000, 0x00000000c5831a98, 0x00000000c5900000| 19%| O|  |TAMS 0x00000000c5800000, 0x00000000c5800000| Untracked 
|  89|0x00000000c5900000, 0x00000000c59fffd8, 0x00000000c5a00000| 99%| O|  |TAMS 0x00000000c59fffd8, 0x00000000c5900000| Untracked 
|  90|0x00000000c5a00000, 0x00000000c5afffd0, 0x00000000c5b00000| 99%| O|  |TAMS 0x00000000c5afffd0, 0x00000000c5a00000| Untracked 
|  91|0x00000000c5b00000, 0x00000000c5c00000, 0x00000000c5c00000|100%| O|  |TAMS 0x00000000c5c00000, 0x00000000c5b00000| Untracked 
|  92|0x00000000c5c00000, 0x00000000c5d00000, 0x00000000c5d00000|100%| O|  |TAMS 0x00000000c5d00000, 0x00000000c5c00000| Untracked 
|  93|0x00000000c5d00000, 0x00000000c5e00000, 0x00000000c5e00000|100%| O|  |TAMS 0x00000000c5e00000, 0x00000000c5d00000| Untracked 
|  94|0x00000000c5e00000, 0x00000000c5e00000, 0x00000000c5f00000|  0%| F|  |TAMS 0x00000000c5e00000, 0x00000000c5e00000| Untracked 
|  95|0x00000000c5f00000, 0x00000000c5fffff0, 0x00000000c6000000| 99%| O|  |TAMS 0x00000000c5fffff0, 0x00000000c5f00000| Untracked 
|  96|0x00000000c6000000, 0x00000000c60fffb8, 0x00000000c6100000| 99%| O|  |TAMS 0x00000000c60fffb8, 0x00000000c6000000| Untracked 
|  97|0x00000000c6100000, 0x00000000c61fffc0, 0x00000000c6200000| 99%| O|  |TAMS 0x00000000c61fffc0, 0x00000000c6100000| Untracked 
|  98|0x00000000c6200000, 0x00000000c6200088, 0x00000000c6300000|  0%| O|  |TAMS 0x00000000c6200000, 0x00000000c6200000| Untracked 
|  99|0x00000000c6300000, 0x00000000c63fffc8, 0x00000000c6400000| 99%| O|  |TAMS 0x00000000c63fffc8, 0x00000000c6300000| Untracked 
| 100|0x00000000c6400000, 0x00000000c6500000, 0x00000000c6500000|100%| O|  |TAMS 0x00000000c6500000, 0x00000000c6400000| Untracked 
| 101|0x00000000c6500000, 0x00000000c6500000, 0x00000000c6600000|  0%| F|  |TAMS 0x00000000c6500000, 0x00000000c6500000| Untracked 
| 102|0x00000000c6600000, 0x00000000c6600000, 0x00000000c6700000|  0%| F|  |TAMS 0x00000000c6600000, 0x00000000c6600000| Untracked 
| 103|0x00000000c6700000, 0x00000000c6700000, 0x00000000c6800000|  0%| F|  |TAMS 0x00000000c6700000, 0x00000000c6700000| Untracked 
| 104|0x00000000c6800000, 0x00000000c6800000, 0x00000000c6900000|  0%| F|  |TAMS 0x00000000c6800000, 0x00000000c6800000| Untracked 
| 105|0x00000000c6900000, 0x00000000c6900000, 0x00000000c6a00000|  0%| F|  |TAMS 0x00000000c6900000, 0x00000000c6900000| Untracked 
| 106|0x00000000c6a00000, 0x00000000c6a00000, 0x00000000c6b00000|  0%| F|  |TAMS 0x00000000c6a00000, 0x00000000c6a00000| Untracked 
| 107|0x00000000c6b00000, 0x00000000c6b00000, 0x00000000c6c00000|  0%| F|  |TAMS 0x00000000c6b00000, 0x00000000c6b00000| Untracked 
| 108|0x00000000c6c00000, 0x00000000c6c00000, 0x00000000c6d00000|  0%| F|  |TAMS 0x00000000c6c00000, 0x00000000c6c00000| Untracked 
| 109|0x00000000c6d00000, 0x00000000c6d00000, 0x00000000c6e00000|  0%| F|  |TAMS 0x00000000c6d00000, 0x00000000c6d00000| Untracked 
| 110|0x00000000c6e00000, 0x00000000c6e00000, 0x00000000c6f00000|  0%| F|  |TAMS 0x00000000c6e00000, 0x00000000c6e00000| Untracked 
| 111|0x00000000c6f00000, 0x00000000c6f00000, 0x00000000c7000000|  0%| F|  |TAMS 0x00000000c6f00000, 0x00000000c6f00000| Untracked 
| 112|0x00000000c7000000, 0x00000000c7000000, 0x00000000c7100000|  0%| F|  |TAMS 0x00000000c7000000, 0x00000000c7000000| Untracked 
| 113|0x00000000c7100000, 0x00000000c7100000, 0x00000000c7200000|  0%| F|  |TAMS 0x00000000c7100000, 0x00000000c7100000| Untracked 
| 114|0x00000000c7200000, 0x00000000c7200000, 0x00000000c7300000|  0%| F|  |TAMS 0x00000000c7200000, 0x00000000c7200000| Untracked 
| 115|0x00000000c7300000, 0x00000000c7300000, 0x00000000c7400000|  0%| F|  |TAMS 0x00000000c7300000, 0x00000000c7300000| Untracked 
| 116|0x00000000c7400000, 0x00000000c7400000, 0x00000000c7500000|  0%| F|  |TAMS 0x00000000c7400000, 0x00000000c7400000| Untracked 
| 117|0x00000000c7500000, 0x00000000c7500000, 0x00000000c7600000|  0%| F|  |TAMS 0x00000000c7500000, 0x00000000c7500000| Untracked 
| 118|0x00000000c7600000, 0x00000000c7600000, 0x00000000c7700000|  0%| F|  |TAMS 0x00000000c7600000, 0x00000000c7600000| Untracked 
| 119|0x00000000c7700000, 0x00000000c7700000, 0x00000000c7800000|  0%| F|  |TAMS 0x00000000c7700000, 0x00000000c7700000| Untracked 
| 120|0x00000000c7800000, 0x00000000c7800000, 0x00000000c7900000|  0%| F|  |TAMS 0x00000000c7800000, 0x00000000c7800000| Untracked 
| 121|0x00000000c7900000, 0x00000000c7900000, 0x00000000c7a00000|  0%| F|  |TAMS 0x00000000c7900000, 0x00000000c7900000| Untracked 
| 122|0x00000000c7a00000, 0x00000000c7a00000, 0x00000000c7b00000|  0%| F|  |TAMS 0x00000000c7a00000, 0x00000000c7a00000| Untracked 
| 123|0x00000000c7b00000, 0x00000000c7b00000, 0x00000000c7c00000|  0%| F|  |TAMS 0x00000000c7b00000, 0x00000000c7b00000| Untracked 
| 124|0x00000000c7c00000, 0x00000000c7c00000, 0x00000000c7d00000|  0%| F|  |TAMS 0x00000000c7c00000, 0x00000000c7c00000| Untracked 
| 125|0x00000000c7d00000, 0x00000000c7d00000, 0x00000000c7e00000|  0%| F|  |TAMS 0x00000000c7d00000, 0x00000000c7d00000| Untracked 
| 126|0x00000000c7e00000, 0x00000000c7e00000, 0x00000000c7f00000|  0%| F|  |TAMS 0x00000000c7e00000, 0x00000000c7e00000| Untracked 
| 127|0x00000000c7f00000, 0x00000000c7f00000, 0x00000000c8000000|  0%| F|  |TAMS 0x00000000c7f00000, 0x00000000c7f00000| Untracked 
| 128|0x00000000c8000000, 0x00000000c8000000, 0x00000000c8100000|  0%| F|  |TAMS 0x00000000c8000000, 0x00000000c8000000| Untracked 
| 129|0x00000000c8100000, 0x00000000c8100000, 0x00000000c8200000|  0%| F|  |TAMS 0x00000000c8100000, 0x00000000c8100000| Untracked 
| 130|0x00000000c8200000, 0x00000000c8200000, 0x00000000c8300000|  0%| F|  |TAMS 0x00000000c8200000, 0x00000000c8200000| Untracked 
| 131|0x00000000c8300000, 0x00000000c8300000, 0x00000000c8400000|  0%| F|  |TAMS 0x00000000c8300000, 0x00000000c8300000| Untracked 
| 132|0x00000000c8400000, 0x00000000c8400000, 0x00000000c8500000|  0%| F|  |TAMS 0x00000000c8400000, 0x00000000c8400000| Untracked 
| 133|0x00000000c8500000, 0x00000000c8500000, 0x00000000c8600000|  0%| F|  |TAMS 0x00000000c8500000, 0x00000000c8500000| Untracked 
| 134|0x00000000c8600000, 0x00000000c8600000, 0x00000000c8700000|  0%| F|  |TAMS 0x00000000c8600000, 0x00000000c8600000| Untracked 
| 135|0x00000000c8700000, 0x00000000c8700000, 0x00000000c8800000|  0%| F|  |TAMS 0x00000000c8700000, 0x00000000c8700000| Untracked 
| 136|0x00000000c8800000, 0x00000000c8800000, 0x00000000c8900000|  0%| F|  |TAMS 0x00000000c8800000, 0x00000000c8800000| Untracked 
| 137|0x00000000c8900000, 0x00000000c8900000, 0x00000000c8a00000|  0%| F|  |TAMS 0x00000000c8900000, 0x00000000c8900000| Untracked 
| 138|0x00000000c8a00000, 0x00000000c8a00000, 0x00000000c8b00000|  0%| F|  |TAMS 0x00000000c8a00000, 0x00000000c8a00000| Untracked 
| 139|0x00000000c8b00000, 0x00000000c8b00000, 0x00000000c8c00000|  0%| F|  |TAMS 0x00000000c8b00000, 0x00000000c8b00000| Untracked 
| 140|0x00000000c8c00000, 0x00000000c8c00000, 0x00000000c8d00000|  0%| F|  |TAMS 0x00000000c8c00000, 0x00000000c8c00000| Untracked 
| 141|0x00000000c8d00000, 0x00000000c8d00000, 0x00000000c8e00000|  0%| F|  |TAMS 0x00000000c8d00000, 0x00000000c8d00000| Untracked 
| 142|0x00000000c8e00000, 0x00000000c8e00000, 0x00000000c8f00000|  0%| F|  |TAMS 0x00000000c8e00000, 0x00000000c8e00000| Untracked 
| 143|0x00000000c8f00000, 0x00000000c8f00000, 0x00000000c9000000|  0%| F|  |TAMS 0x00000000c8f00000, 0x00000000c8f00000| Untracked 
| 144|0x00000000c9000000, 0x00000000c9000000, 0x00000000c9100000|  0%| F|  |TAMS 0x00000000c9000000, 0x00000000c9000000| Untracked 
| 145|0x00000000c9100000, 0x00000000c9100000, 0x00000000c9200000|  0%| F|  |TAMS 0x00000000c9100000, 0x00000000c9100000| Untracked 
| 146|0x00000000c9200000, 0x00000000c9200000, 0x00000000c9300000|  0%| F|  |TAMS 0x00000000c9200000, 0x00000000c9200000| Untracked 
| 147|0x00000000c9300000, 0x00000000c9300000, 0x00000000c9400000|  0%| F|  |TAMS 0x00000000c9300000, 0x00000000c9300000| Untracked 
| 148|0x00000000c9400000, 0x00000000c9400000, 0x00000000c9500000|  0%| F|  |TAMS 0x00000000c9400000, 0x00000000c9400000| Untracked 
| 149|0x00000000c9500000, 0x00000000c9500000, 0x00000000c9600000|  0%| F|  |TAMS 0x00000000c9500000, 0x00000000c9500000| Untracked 
| 150|0x00000000c9600000, 0x00000000c9600000, 0x00000000c9700000|  0%| F|  |TAMS 0x00000000c9600000, 0x00000000c9600000| Untracked 
| 151|0x00000000c9700000, 0x00000000c9700000, 0x00000000c9800000|  0%| F|  |TAMS 0x00000000c9700000, 0x00000000c9700000| Untracked 
| 152|0x00000000c9800000, 0x00000000c9800000, 0x00000000c9900000|  0%| F|  |TAMS 0x00000000c9800000, 0x00000000c9800000| Untracked 
| 153|0x00000000c9900000, 0x00000000c9900000, 0x00000000c9a00000|  0%| F|  |TAMS 0x00000000c9900000, 0x00000000c9900000| Untracked 
| 154|0x00000000c9a00000, 0x00000000c9a00000, 0x00000000c9b00000|  0%| F|  |TAMS 0x00000000c9a00000, 0x00000000c9a00000| Untracked 
| 155|0x00000000c9b00000, 0x00000000c9b00000, 0x00000000c9c00000|  0%| F|  |TAMS 0x00000000c9b00000, 0x00000000c9b00000| Untracked 
| 156|0x00000000c9c00000, 0x00000000c9c00000, 0x00000000c9d00000|  0%| F|  |TAMS 0x00000000c9c00000, 0x00000000c9c00000| Untracked 
| 157|0x00000000c9d00000, 0x00000000c9d00000, 0x00000000c9e00000|  0%| F|  |TAMS 0x00000000c9d00000, 0x00000000c9d00000| Untracked 
| 158|0x00000000c9e00000, 0x00000000c9e00000, 0x00000000c9f00000|  0%| F|  |TAMS 0x00000000c9e00000, 0x00000000c9e00000| Untracked 
| 159|0x00000000c9f00000, 0x00000000c9f00000, 0x00000000ca000000|  0%| F|  |TAMS 0x00000000c9f00000, 0x00000000c9f00000| Untracked 
| 160|0x00000000ca000000, 0x00000000ca000000, 0x00000000ca100000|  0%| F|  |TAMS 0x00000000ca000000, 0x00000000ca000000| Untracked 
| 161|0x00000000ca100000, 0x00000000ca100000, 0x00000000ca200000|  0%| F|  |TAMS 0x00000000ca100000, 0x00000000ca100000| Untracked 
| 162|0x00000000ca200000, 0x00000000ca200000, 0x00000000ca300000|  0%| F|  |TAMS 0x00000000ca200000, 0x00000000ca200000| Untracked 
| 163|0x00000000ca300000, 0x00000000ca300000, 0x00000000ca400000|  0%| F|  |TAMS 0x00000000ca300000, 0x00000000ca300000| Untracked 
| 164|0x00000000ca400000, 0x00000000ca400000, 0x00000000ca500000|  0%| F|  |TAMS 0x00000000ca400000, 0x00000000ca400000| Untracked 
| 165|0x00000000ca500000, 0x00000000ca500000, 0x00000000ca600000|  0%| F|  |TAMS 0x00000000ca500000, 0x00000000ca500000| Untracked 
| 166|0x00000000ca600000, 0x00000000ca600000, 0x00000000ca700000|  0%| F|  |TAMS 0x00000000ca600000, 0x00000000ca600000| Untracked 
| 167|0x00000000ca700000, 0x00000000ca700000, 0x00000000ca800000|  0%| F|  |TAMS 0x00000000ca700000, 0x00000000ca700000| Untracked 
| 168|0x00000000ca800000, 0x00000000ca800000, 0x00000000ca900000|  0%| F|  |TAMS 0x00000000ca800000, 0x00000000ca800000| Untracked 
| 169|0x00000000ca900000, 0x00000000ca900000, 0x00000000caa00000|  0%| F|  |TAMS 0x00000000ca900000, 0x00000000ca900000| Untracked 
| 170|0x00000000caa00000, 0x00000000caa00000, 0x00000000cab00000|  0%| F|  |TAMS 0x00000000caa00000, 0x00000000caa00000| Untracked 
| 171|0x00000000cab00000, 0x00000000cab00000, 0x00000000cac00000|  0%| F|  |TAMS 0x00000000cab00000, 0x00000000cab00000| Untracked 
| 172|0x00000000cac00000, 0x00000000cac00000, 0x00000000cad00000|  0%| F|  |TAMS 0x00000000cac00000, 0x00000000cac00000| Untracked 
| 173|0x00000000cad00000, 0x00000000cad00000, 0x00000000cae00000|  0%| F|  |TAMS 0x00000000cad00000, 0x00000000cad00000| Untracked 
| 174|0x00000000cae00000, 0x00000000cae00000, 0x00000000caf00000|  0%| F|  |TAMS 0x00000000cae00000, 0x00000000cae00000| Untracked 
| 175|0x00000000caf00000, 0x00000000caf00000, 0x00000000cb000000|  0%| F|  |TAMS 0x00000000caf00000, 0x00000000caf00000| Untracked 
| 176|0x00000000cb000000, 0x00000000cb000000, 0x00000000cb100000|  0%| F|  |TAMS 0x00000000cb000000, 0x00000000cb000000| Untracked 
| 177|0x00000000cb100000, 0x00000000cb100000, 0x00000000cb200000|  0%| F|  |TAMS 0x00000000cb100000, 0x00000000cb100000| Untracked 
| 178|0x00000000cb200000, 0x00000000cb200000, 0x00000000cb300000|  0%| F|  |TAMS 0x00000000cb200000, 0x00000000cb200000| Untracked 
| 179|0x00000000cb300000, 0x00000000cb300000, 0x00000000cb400000|  0%| F|  |TAMS 0x00000000cb300000, 0x00000000cb300000| Untracked 
| 180|0x00000000cb400000, 0x00000000cb400000, 0x00000000cb500000|  0%| F|  |TAMS 0x00000000cb400000, 0x00000000cb400000| Untracked 
| 181|0x00000000cb500000, 0x00000000cb500000, 0x00000000cb600000|  0%| F|  |TAMS 0x00000000cb500000, 0x00000000cb500000| Untracked 
| 182|0x00000000cb600000, 0x00000000cb600000, 0x00000000cb700000|  0%| F|  |TAMS 0x00000000cb600000, 0x00000000cb600000| Untracked 
| 183|0x00000000cb700000, 0x00000000cb700000, 0x00000000cb800000|  0%| F|  |TAMS 0x00000000cb700000, 0x00000000cb700000| Untracked 
| 184|0x00000000cb800000, 0x00000000cb800000, 0x00000000cb900000|  0%| F|  |TAMS 0x00000000cb800000, 0x00000000cb800000| Untracked 
| 185|0x00000000cb900000, 0x00000000cb900000, 0x00000000cba00000|  0%| F|  |TAMS 0x00000000cb900000, 0x00000000cb900000| Untracked 
| 186|0x00000000cba00000, 0x00000000cba00000, 0x00000000cbb00000|  0%| F|  |TAMS 0x00000000cba00000, 0x00000000cba00000| Untracked 
| 187|0x00000000cbb00000, 0x00000000cbb00000, 0x00000000cbc00000|  0%| F|  |TAMS 0x00000000cbb00000, 0x00000000cbb00000| Untracked 
| 188|0x00000000cbc00000, 0x00000000cbc00000, 0x00000000cbd00000|  0%| F|  |TAMS 0x00000000cbc00000, 0x00000000cbc00000| Untracked 
| 189|0x00000000cbd00000, 0x00000000cbd00000, 0x00000000cbe00000|  0%| F|  |TAMS 0x00000000cbd00000, 0x00000000cbd00000| Untracked 
| 190|0x00000000cbe00000, 0x00000000cbe00000, 0x00000000cbf00000|  0%| F|  |TAMS 0x00000000cbe00000, 0x00000000cbe00000| Untracked 
| 191|0x00000000cbf00000, 0x00000000cbf00000, 0x00000000cc000000|  0%| F|  |TAMS 0x00000000cbf00000, 0x00000000cbf00000| Untracked 
| 192|0x00000000cc000000, 0x00000000cc000000, 0x00000000cc100000|  0%| F|  |TAMS 0x00000000cc000000, 0x00000000cc000000| Untracked 
| 193|0x00000000cc100000, 0x00000000cc100000, 0x00000000cc200000|  0%| F|  |TAMS 0x00000000cc100000, 0x00000000cc100000| Untracked 
| 194|0x00000000cc200000, 0x00000000cc200000, 0x00000000cc300000|  0%| F|  |TAMS 0x00000000cc200000, 0x00000000cc200000| Untracked 
| 195|0x00000000cc300000, 0x00000000cc300000, 0x00000000cc400000|  0%| F|  |TAMS 0x00000000cc300000, 0x00000000cc300000| Untracked 
| 196|0x00000000cc400000, 0x00000000cc400000, 0x00000000cc500000|  0%| F|  |TAMS 0x00000000cc400000, 0x00000000cc400000| Untracked 
| 197|0x00000000cc500000, 0x00000000cc500000, 0x00000000cc600000|  0%| F|  |TAMS 0x00000000cc500000, 0x00000000cc500000| Untracked 
| 198|0x00000000cc600000, 0x00000000cc600000, 0x00000000cc700000|  0%| F|  |TAMS 0x00000000cc600000, 0x00000000cc600000| Untracked 
| 199|0x00000000cc700000, 0x00000000cc700000, 0x00000000cc800000|  0%| F|  |TAMS 0x00000000cc700000, 0x00000000cc700000| Untracked 
| 200|0x00000000cc800000, 0x00000000cc800000, 0x00000000cc900000|  0%| F|  |TAMS 0x00000000cc800000, 0x00000000cc800000| Untracked 
| 201|0x00000000cc900000, 0x00000000cc900000, 0x00000000cca00000|  0%| F|  |TAMS 0x00000000cc900000, 0x00000000cc900000| Untracked 
| 202|0x00000000cca00000, 0x00000000cca00000, 0x00000000ccb00000|  0%| F|  |TAMS 0x00000000cca00000, 0x00000000cca00000| Untracked 
| 203|0x00000000ccb00000, 0x00000000ccb00000, 0x00000000ccc00000|  0%| F|  |TAMS 0x00000000ccb00000, 0x00000000ccb00000| Untracked 
| 204|0x00000000ccc00000, 0x00000000ccc00000, 0x00000000ccd00000|  0%| F|  |TAMS 0x00000000ccc00000, 0x00000000ccc00000| Untracked 
| 205|0x00000000ccd00000, 0x00000000ccd00000, 0x00000000cce00000|  0%| F|  |TAMS 0x00000000ccd00000, 0x00000000ccd00000| Untracked 
| 206|0x00000000cce00000, 0x00000000cce00000, 0x00000000ccf00000|  0%| F|  |TAMS 0x00000000cce00000, 0x00000000cce00000| Untracked 
| 207|0x00000000ccf00000, 0x00000000ccf00000, 0x00000000cd000000|  0%| F|  |TAMS 0x00000000ccf00000, 0x00000000ccf00000| Untracked 
| 208|0x00000000cd000000, 0x00000000cd000000, 0x00000000cd100000|  0%| F|  |TAMS 0x00000000cd000000, 0x00000000cd000000| Untracked 
| 209|0x00000000cd100000, 0x00000000cd100000, 0x00000000cd200000|  0%| F|  |TAMS 0x00000000cd100000, 0x00000000cd100000| Untracked 
| 210|0x00000000cd200000, 0x00000000cd200000, 0x00000000cd300000|  0%| F|  |TAMS 0x00000000cd200000, 0x00000000cd200000| Untracked 
| 211|0x00000000cd300000, 0x00000000cd300000, 0x00000000cd400000|  0%| F|  |TAMS 0x00000000cd300000, 0x00000000cd300000| Untracked 
| 212|0x00000000cd400000, 0x00000000cd400000, 0x00000000cd500000|  0%| F|  |TAMS 0x00000000cd400000, 0x00000000cd400000| Untracked 
| 213|0x00000000cd500000, 0x00000000cd500000, 0x00000000cd600000|  0%| F|  |TAMS 0x00000000cd500000, 0x00000000cd500000| Untracked 
| 214|0x00000000cd600000, 0x00000000cd600000, 0x00000000cd700000|  0%| F|  |TAMS 0x00000000cd600000, 0x00000000cd600000| Untracked 
| 215|0x00000000cd700000, 0x00000000cd700000, 0x00000000cd800000|  0%| F|  |TAMS 0x00000000cd700000, 0x00000000cd700000| Untracked 
| 216|0x00000000cd800000, 0x00000000cd800000, 0x00000000cd900000|  0%| F|  |TAMS 0x00000000cd800000, 0x00000000cd800000| Untracked 
| 217|0x00000000cd900000, 0x00000000cd900000, 0x00000000cda00000|  0%| F|  |TAMS 0x00000000cd900000, 0x00000000cd900000| Untracked 
| 218|0x00000000cda00000, 0x00000000cda00000, 0x00000000cdb00000|  0%| F|  |TAMS 0x00000000cda00000, 0x00000000cda00000| Untracked 
| 219|0x00000000cdb00000, 0x00000000cdb00000, 0x00000000cdc00000|  0%| F|  |TAMS 0x00000000cdb00000, 0x00000000cdb00000| Untracked 
| 220|0x00000000cdc00000, 0x00000000cdc00000, 0x00000000cdd00000|  0%| F|  |TAMS 0x00000000cdc00000, 0x00000000cdc00000| Untracked 
| 221|0x00000000cdd00000, 0x00000000cdd00000, 0x00000000cde00000|  0%| F|  |TAMS 0x00000000cdd00000, 0x00000000cdd00000| Untracked 
| 222|0x00000000cde00000, 0x00000000cde00000, 0x00000000cdf00000|  0%| F|  |TAMS 0x00000000cde00000, 0x00000000cde00000| Untracked 
| 223|0x00000000cdf00000, 0x00000000cdf00000, 0x00000000ce000000|  0%| F|  |TAMS 0x00000000cdf00000, 0x00000000cdf00000| Untracked 
| 224|0x00000000ce000000, 0x00000000ce000000, 0x00000000ce100000|  0%| F|  |TAMS 0x00000000ce000000, 0x00000000ce000000| Untracked 
| 225|0x00000000ce100000, 0x00000000ce100000, 0x00000000ce200000|  0%| F|  |TAMS 0x00000000ce100000, 0x00000000ce100000| Untracked 
| 226|0x00000000ce200000, 0x00000000ce200000, 0x00000000ce300000|  0%| F|  |TAMS 0x00000000ce200000, 0x00000000ce200000| Untracked 
| 227|0x00000000ce300000, 0x00000000ce300000, 0x00000000ce400000|  0%| F|  |TAMS 0x00000000ce300000, 0x00000000ce300000| Untracked 
| 228|0x00000000ce400000, 0x00000000ce400000, 0x00000000ce500000|  0%| F|  |TAMS 0x00000000ce400000, 0x00000000ce400000| Untracked 
| 229|0x00000000ce500000, 0x00000000ce500000, 0x00000000ce600000|  0%| F|  |TAMS 0x00000000ce500000, 0x00000000ce500000| Untracked 
| 230|0x00000000ce600000, 0x00000000ce600000, 0x00000000ce700000|  0%| F|  |TAMS 0x00000000ce600000, 0x00000000ce600000| Untracked 
| 231|0x00000000ce700000, 0x00000000ce700000, 0x00000000ce800000|  0%| F|  |TAMS 0x00000000ce700000, 0x00000000ce700000| Untracked 
| 232|0x00000000ce800000, 0x00000000ce800000, 0x00000000ce900000|  0%| F|  |TAMS 0x00000000ce800000, 0x00000000ce800000| Untracked 
| 233|0x00000000ce900000, 0x00000000ce900000, 0x00000000cea00000|  0%| F|  |TAMS 0x00000000ce900000, 0x00000000ce900000| Untracked 
| 234|0x00000000cea00000, 0x00000000cea00000, 0x00000000ceb00000|  0%| F|  |TAMS 0x00000000cea00000, 0x00000000cea00000| Untracked 
| 235|0x00000000ceb00000, 0x00000000ceb00000, 0x00000000cec00000|  0%| F|  |TAMS 0x00000000ceb00000, 0x00000000ceb00000| Untracked 
| 236|0x00000000cec00000, 0x00000000cec00000, 0x00000000ced00000|  0%| F|  |TAMS 0x00000000cec00000, 0x00000000cec00000| Untracked 
| 237|0x00000000ced00000, 0x00000000ced00000, 0x00000000cee00000|  0%| F|  |TAMS 0x00000000ced00000, 0x00000000ced00000| Untracked 
| 238|0x00000000cee00000, 0x00000000cee00000, 0x00000000cef00000|  0%| F|  |TAMS 0x00000000cee00000, 0x00000000cee00000| Untracked 
| 239|0x00000000cef00000, 0x00000000cef00000, 0x00000000cf000000|  0%| F|  |TAMS 0x00000000cef00000, 0x00000000cef00000| Untracked 
| 240|0x00000000cf000000, 0x00000000cf000000, 0x00000000cf100000|  0%| F|  |TAMS 0x00000000cf000000, 0x00000000cf000000| Untracked 
| 241|0x00000000cf100000, 0x00000000cf100000, 0x00000000cf200000|  0%| F|  |TAMS 0x00000000cf100000, 0x00000000cf100000| Untracked 
| 242|0x00000000cf200000, 0x00000000cf200000, 0x00000000cf300000|  0%| F|  |TAMS 0x00000000cf200000, 0x00000000cf200000| Untracked 
| 243|0x00000000cf300000, 0x00000000cf300000, 0x00000000cf400000|  0%| F|  |TAMS 0x00000000cf300000, 0x00000000cf300000| Untracked 
| 244|0x00000000cf400000, 0x00000000cf400000, 0x00000000cf500000|  0%| F|  |TAMS 0x00000000cf400000, 0x00000000cf400000| Untracked 
| 245|0x00000000cf500000, 0x00000000cf500000, 0x00000000cf600000|  0%| F|  |TAMS 0x00000000cf500000, 0x00000000cf500000| Untracked 
| 246|0x00000000cf600000, 0x00000000cf600000, 0x00000000cf700000|  0%| F|  |TAMS 0x00000000cf600000, 0x00000000cf600000| Untracked 
| 247|0x00000000cf700000, 0x00000000cf700000, 0x00000000cf800000|  0%| F|  |TAMS 0x00000000cf700000, 0x00000000cf700000| Untracked 
| 248|0x00000000cf800000, 0x00000000cf800000, 0x00000000cf900000|  0%| F|  |TAMS 0x00000000cf800000, 0x00000000cf800000| Untracked 
| 249|0x00000000cf900000, 0x00000000cf900000, 0x00000000cfa00000|  0%| F|  |TAMS 0x00000000cf900000, 0x00000000cf900000| Untracked 
| 250|0x00000000cfa00000, 0x00000000cfa00000, 0x00000000cfb00000|  0%| F|  |TAMS 0x00000000cfa00000, 0x00000000cfa00000| Untracked 
| 251|0x00000000cfb00000, 0x00000000cfb00000, 0x00000000cfc00000|  0%| F|  |TAMS 0x00000000cfb00000, 0x00000000cfb00000| Untracked 
| 252|0x00000000cfc00000, 0x00000000cfc00000, 0x00000000cfd00000|  0%| F|  |TAMS 0x00000000cfc00000, 0x00000000cfc00000| Untracked 
| 253|0x00000000cfd00000, 0x00000000cfd00000, 0x00000000cfe00000|  0%| F|  |TAMS 0x00000000cfd00000, 0x00000000cfd00000| Untracked 
| 254|0x00000000cfe00000, 0x00000000cfe00000, 0x00000000cff00000|  0%| F|  |TAMS 0x00000000cfe00000, 0x00000000cfe00000| Untracked 
| 255|0x00000000cff00000, 0x00000000cff00000, 0x00000000d0000000|  0%| F|  |TAMS 0x00000000cff00000, 0x00000000cff00000| Untracked 
| 256|0x00000000d0000000, 0x00000000d0000000, 0x00000000d0100000|  0%| F|  |TAMS 0x00000000d0000000, 0x00000000d0000000| Untracked 
| 257|0x00000000d0100000, 0x00000000d0100000, 0x00000000d0200000|  0%| F|  |TAMS 0x00000000d0100000, 0x00000000d0100000| Untracked 
| 258|0x00000000d0200000, 0x00000000d0200000, 0x00000000d0300000|  0%| F|  |TAMS 0x00000000d0200000, 0x00000000d0200000| Untracked 
| 259|0x00000000d0300000, 0x00000000d0300000, 0x00000000d0400000|  0%| F|  |TAMS 0x00000000d0300000, 0x00000000d0300000| Untracked 
| 260|0x00000000d0400000, 0x00000000d0400000, 0x00000000d0500000|  0%| F|  |TAMS 0x00000000d0400000, 0x00000000d0400000| Untracked 
| 261|0x00000000d0500000, 0x00000000d0500000, 0x00000000d0600000|  0%| F|  |TAMS 0x00000000d0500000, 0x00000000d0500000| Untracked 
| 262|0x00000000d0600000, 0x00000000d0600000, 0x00000000d0700000|  0%| F|  |TAMS 0x00000000d0600000, 0x00000000d0600000| Untracked 
| 263|0x00000000d0700000, 0x00000000d0700000, 0x00000000d0800000|  0%| F|  |TAMS 0x00000000d0700000, 0x00000000d0700000| Untracked 
| 264|0x00000000d0800000, 0x00000000d0800000, 0x00000000d0900000|  0%| F|  |TAMS 0x00000000d0800000, 0x00000000d0800000| Untracked 
| 265|0x00000000d0900000, 0x00000000d0900000, 0x00000000d0a00000|  0%| F|  |TAMS 0x00000000d0900000, 0x00000000d0900000| Untracked 
| 266|0x00000000d0a00000, 0x00000000d0a00000, 0x00000000d0b00000|  0%| F|  |TAMS 0x00000000d0a00000, 0x00000000d0a00000| Untracked 
| 267|0x00000000d0b00000, 0x00000000d0b00000, 0x00000000d0c00000|  0%| F|  |TAMS 0x00000000d0b00000, 0x00000000d0b00000| Untracked 
| 268|0x00000000d0c00000, 0x00000000d0c00000, 0x00000000d0d00000|  0%| F|  |TAMS 0x00000000d0c00000, 0x00000000d0c00000| Untracked 
| 269|0x00000000d0d00000, 0x00000000d0d00000, 0x00000000d0e00000|  0%| F|  |TAMS 0x00000000d0d00000, 0x00000000d0d00000| Untracked 
| 270|0x00000000d0e00000, 0x00000000d0e00000, 0x00000000d0f00000|  0%| F|  |TAMS 0x00000000d0e00000, 0x00000000d0e00000| Untracked 
| 271|0x00000000d0f00000, 0x00000000d0f00000, 0x00000000d1000000|  0%| F|  |TAMS 0x00000000d0f00000, 0x00000000d0f00000| Untracked 
| 272|0x00000000d1000000, 0x00000000d1000000, 0x00000000d1100000|  0%| F|  |TAMS 0x00000000d1000000, 0x00000000d1000000| Untracked 
| 273|0x00000000d1100000, 0x00000000d1100000, 0x00000000d1200000|  0%| F|  |TAMS 0x00000000d1100000, 0x00000000d1100000| Untracked 
| 274|0x00000000d1200000, 0x00000000d1200000, 0x00000000d1300000|  0%| F|  |TAMS 0x00000000d1200000, 0x00000000d1200000| Untracked 
| 275|0x00000000d1300000, 0x00000000d1300000, 0x00000000d1400000|  0%| F|  |TAMS 0x00000000d1300000, 0x00000000d1300000| Untracked 
| 276|0x00000000d1400000, 0x00000000d1400000, 0x00000000d1500000|  0%| F|  |TAMS 0x00000000d1400000, 0x00000000d1400000| Untracked 
| 277|0x00000000d1500000, 0x00000000d1500000, 0x00000000d1600000|  0%| F|  |TAMS 0x00000000d1500000, 0x00000000d1500000| Untracked 
| 278|0x00000000d1600000, 0x00000000d1600000, 0x00000000d1700000|  0%| F|  |TAMS 0x00000000d1600000, 0x00000000d1600000| Untracked 
| 279|0x00000000d1700000, 0x00000000d1700000, 0x00000000d1800000|  0%| F|  |TAMS 0x00000000d1700000, 0x00000000d1700000| Untracked 
| 280|0x00000000d1800000, 0x00000000d1800000, 0x00000000d1900000|  0%| F|  |TAMS 0x00000000d1800000, 0x00000000d1800000| Untracked 
| 281|0x00000000d1900000, 0x00000000d1900000, 0x00000000d1a00000|  0%| F|  |TAMS 0x00000000d1900000, 0x00000000d1900000| Untracked 
| 282|0x00000000d1a00000, 0x00000000d1a00000, 0x00000000d1b00000|  0%| F|  |TAMS 0x00000000d1a00000, 0x00000000d1a00000| Untracked 
| 283|0x00000000d1b00000, 0x00000000d1b00000, 0x00000000d1c00000|  0%| F|  |TAMS 0x00000000d1b00000, 0x00000000d1b00000| Untracked 
| 284|0x00000000d1c00000, 0x00000000d1c00000, 0x00000000d1d00000|  0%| F|  |TAMS 0x00000000d1c00000, 0x00000000d1c00000| Untracked 
| 285|0x00000000d1d00000, 0x00000000d1d00000, 0x00000000d1e00000|  0%| F|  |TAMS 0x00000000d1d00000, 0x00000000d1d00000| Untracked 
| 286|0x00000000d1e00000, 0x00000000d1e00000, 0x00000000d1f00000|  0%| F|  |TAMS 0x00000000d1e00000, 0x00000000d1e00000| Untracked 
| 287|0x00000000d1f00000, 0x00000000d1f00000, 0x00000000d2000000|  0%| F|  |TAMS 0x00000000d1f00000, 0x00000000d1f00000| Untracked 
| 288|0x00000000d2000000, 0x00000000d2000000, 0x00000000d2100000|  0%| F|  |TAMS 0x00000000d2000000, 0x00000000d2000000| Untracked 
| 289|0x00000000d2100000, 0x00000000d2100000, 0x00000000d2200000|  0%| F|  |TAMS 0x00000000d2100000, 0x00000000d2100000| Untracked 
| 290|0x00000000d2200000, 0x00000000d2200000, 0x00000000d2300000|  0%| F|  |TAMS 0x00000000d2200000, 0x00000000d2200000| Untracked 
| 291|0x00000000d2300000, 0x00000000d2300000, 0x00000000d2400000|  0%| F|  |TAMS 0x00000000d2300000, 0x00000000d2300000| Untracked 
| 292|0x00000000d2400000, 0x00000000d2400000, 0x00000000d2500000|  0%| F|  |TAMS 0x00000000d2400000, 0x00000000d2400000| Untracked 
| 293|0x00000000d2500000, 0x00000000d2500000, 0x00000000d2600000|  0%| F|  |TAMS 0x00000000d2500000, 0x00000000d2500000| Untracked 
| 294|0x00000000d2600000, 0x00000000d2600000, 0x00000000d2700000|  0%| F|  |TAMS 0x00000000d2600000, 0x00000000d2600000| Untracked 
| 295|0x00000000d2700000, 0x00000000d2700000, 0x00000000d2800000|  0%| F|  |TAMS 0x00000000d2700000, 0x00000000d2700000| Untracked 
| 296|0x00000000d2800000, 0x00000000d2800000, 0x00000000d2900000|  0%| F|  |TAMS 0x00000000d2800000, 0x00000000d2800000| Untracked 
| 297|0x00000000d2900000, 0x00000000d2900000, 0x00000000d2a00000|  0%| F|  |TAMS 0x00000000d2900000, 0x00000000d2900000| Untracked 
| 298|0x00000000d2a00000, 0x00000000d2a00000, 0x00000000d2b00000|  0%| F|  |TAMS 0x00000000d2a00000, 0x00000000d2a00000| Untracked 
| 299|0x00000000d2b00000, 0x00000000d2b00000, 0x00000000d2c00000|  0%| F|  |TAMS 0x00000000d2b00000, 0x00000000d2b00000| Untracked 
| 300|0x00000000d2c00000, 0x00000000d2c00000, 0x00000000d2d00000|  0%| F|  |TAMS 0x00000000d2c00000, 0x00000000d2c00000| Untracked 
| 301|0x00000000d2d00000, 0x00000000d2d00000, 0x00000000d2e00000|  0%| F|  |TAMS 0x00000000d2d00000, 0x00000000d2d00000| Untracked 
| 302|0x00000000d2e00000, 0x00000000d2e00000, 0x00000000d2f00000|  0%| F|  |TAMS 0x00000000d2e00000, 0x00000000d2e00000| Untracked 
| 303|0x00000000d2f00000, 0x00000000d2f00000, 0x00000000d3000000|  0%| F|  |TAMS 0x00000000d2f00000, 0x00000000d2f00000| Untracked 
| 304|0x00000000d3000000, 0x00000000d3000000, 0x00000000d3100000|  0%| F|  |TAMS 0x00000000d3000000, 0x00000000d3000000| Untracked 
| 305|0x00000000d3100000, 0x00000000d3100000, 0x00000000d3200000|  0%| F|  |TAMS 0x00000000d3100000, 0x00000000d3100000| Untracked 
| 306|0x00000000d3200000, 0x00000000d3200000, 0x00000000d3300000|  0%| F|  |TAMS 0x00000000d3200000, 0x00000000d3200000| Untracked 
| 307|0x00000000d3300000, 0x00000000d3300000, 0x00000000d3400000|  0%| F|  |TAMS 0x00000000d3300000, 0x00000000d3300000| Untracked 
| 308|0x00000000d3400000, 0x00000000d3400000, 0x00000000d3500000|  0%| F|  |TAMS 0x00000000d3400000, 0x00000000d3400000| Untracked 
| 309|0x00000000d3500000, 0x00000000d3500000, 0x00000000d3600000|  0%| F|  |TAMS 0x00000000d3500000, 0x00000000d3500000| Untracked 
| 310|0x00000000d3600000, 0x00000000d3600000, 0x00000000d3700000|  0%| F|  |TAMS 0x00000000d3600000, 0x00000000d3600000| Untracked 
| 311|0x00000000d3700000, 0x00000000d3700000, 0x00000000d3800000|  0%| F|  |TAMS 0x00000000d3700000, 0x00000000d3700000| Untracked 
| 312|0x00000000d3800000, 0x00000000d3800000, 0x00000000d3900000|  0%| F|  |TAMS 0x00000000d3800000, 0x00000000d3800000| Untracked 
| 313|0x00000000d3900000, 0x00000000d3900000, 0x00000000d3a00000|  0%| F|  |TAMS 0x00000000d3900000, 0x00000000d3900000| Untracked 
| 314|0x00000000d3a00000, 0x00000000d3a00000, 0x00000000d3b00000|  0%| F|  |TAMS 0x00000000d3a00000, 0x00000000d3a00000| Untracked 
| 315|0x00000000d3b00000, 0x00000000d3b00000, 0x00000000d3c00000|  0%| F|  |TAMS 0x00000000d3b00000, 0x00000000d3b00000| Untracked 
| 316|0x00000000d3c00000, 0x00000000d3c00000, 0x00000000d3d00000|  0%| F|  |TAMS 0x00000000d3c00000, 0x00000000d3c00000| Untracked 
| 317|0x00000000d3d00000, 0x00000000d3d00000, 0x00000000d3e00000|  0%| F|  |TAMS 0x00000000d3d00000, 0x00000000d3d00000| Untracked 
| 318|0x00000000d3e00000, 0x00000000d3e00000, 0x00000000d3f00000|  0%| F|  |TAMS 0x00000000d3e00000, 0x00000000d3e00000| Untracked 
| 319|0x00000000d3f00000, 0x00000000d3f00000, 0x00000000d4000000|  0%| F|  |TAMS 0x00000000d3f00000, 0x00000000d3f00000| Untracked 
| 320|0x00000000d4000000, 0x00000000d4000000, 0x00000000d4100000|  0%| F|  |TAMS 0x00000000d4000000, 0x00000000d4000000| Untracked 
| 321|0x00000000d4100000, 0x00000000d4100000, 0x00000000d4200000|  0%| F|  |TAMS 0x00000000d4100000, 0x00000000d4100000| Untracked 
| 322|0x00000000d4200000, 0x00000000d4200000, 0x00000000d4300000|  0%| F|  |TAMS 0x00000000d4200000, 0x00000000d4200000| Untracked 
| 323|0x00000000d4300000, 0x00000000d4300000, 0x00000000d4400000|  0%| F|  |TAMS 0x00000000d4300000, 0x00000000d4300000| Untracked 
| 324|0x00000000d4400000, 0x00000000d4400000, 0x00000000d4500000|  0%| F|  |TAMS 0x00000000d4400000, 0x00000000d4400000| Untracked 
| 325|0x00000000d4500000, 0x00000000d4500000, 0x00000000d4600000|  0%| F|  |TAMS 0x00000000d4500000, 0x00000000d4500000| Untracked 
| 326|0x00000000d4600000, 0x00000000d4600000, 0x00000000d4700000|  0%| F|  |TAMS 0x00000000d4600000, 0x00000000d4600000| Untracked 
| 327|0x00000000d4700000, 0x00000000d4700000, 0x00000000d4800000|  0%| F|  |TAMS 0x00000000d4700000, 0x00000000d4700000| Untracked 
| 328|0x00000000d4800000, 0x00000000d4800000, 0x00000000d4900000|  0%| F|  |TAMS 0x00000000d4800000, 0x00000000d4800000| Untracked 
| 329|0x00000000d4900000, 0x00000000d49b6da8, 0x00000000d4a00000| 71%| E|  |TAMS 0x00000000d4900000, 0x00000000d4900000| Complete 

Card table byte_map: [0x000002ba0c490000,0x000002ba0c690000] _byte_map_base: 0x000002ba0be90000

Marking Bits (Prev, Next): (CMBitMap*) 0x000002ba06324b70, (CMBitMap*) 0x000002ba06324bb0
 Prev Bits: [0x000002ba0c890000, 0x000002ba0d890000)
 Next Bits: [0x000002ba0d890000, 0x000002ba0e890000)

Polling page: 0x000002ba05aa0000

Metaspace:

Usage:
  Non-class:     63.60 MB used.
      Class:     10.09 MB used.
       Both:     73.68 MB used.

Virtual space:
  Non-class space:      128.00 MB reserved,      63.81 MB ( 50%) committed,  2 nodes.
      Class space:        1.00 GB reserved,      10.31 MB (  1%) committed,  1 nodes.
             Both:        1.12 GB reserved,      74.12 MB (  6%) committed. 

Chunk freelists:
   Non-Class:  15.96 MB
       Class:  5.71 MB
        Both:  21.67 MB

MaxMetaspaceSize: unlimited
CompressedClassSpaceSize: 1.00 GB
Initial GC threshold: 21.00 MB
Current GC threshold: 123.56 MB
CDS: off
MetaspaceReclaimPolicy: balanced
 - commit_granule_bytes: 65536.
 - commit_granule_words: 8192.
 - virtual_space_node_default_size: 8388608.
 - enlarge_chunks_in_place: 1.
 - new_chunks_are_fully_committed: 0.
 - uncommit_free_chunks: 1.
 - use_allocation_guard: 0.
 - handle_deallocations: 1.


Internal statistics:

num_allocs_failed_limit: 6.
num_arena_births: 804.
num_arena_deaths: 298.
num_vsnodes_births: 3.
num_vsnodes_deaths: 0.
num_space_committed: 1186.
num_space_uncommitted: 0.
num_chunks_returned_to_freelist: 372.
num_chunks_taken_from_freelist: 3423.
num_chunk_merges: 124.
num_chunk_splits: 2305.
num_chunks_enlarged: 1743.
num_inconsistent_stats: 0.

CodeCache: size=49152Kb used=21264Kb max_used=22239Kb free=27887Kb
 bounds [0x000002ba08f60000, 0x000002ba0a520000, 0x000002ba0bf60000]
 total_blobs=12470 nmethods=11775 adapters=621
 compilation: enabled
              stopped_count=0, restarted_count=0
 full_count=0

Compilation events (20 events):
Event: 2791.163 Thread 0x000002ba116bcf30 11946       1       java.lang.invoke.Invokers$Holder::linkToTargetMethod (9 bytes)
Event: 2791.163 Thread 0x000002ba116bcf30 nmethod 11946 0x000002ba0a49bf90 code [0x000002ba0a49c140, 0x000002ba0a49c258]
Event: 2791.163 Thread 0x000002ba116bcf30 11947       1       java.lang.invoke.LambdaForm$DMH/0x0000000100a2b000::newInvokeSpecial (23 bytes)
Event: 2791.163 Thread 0x000002ba116bcf30 nmethod 11947 0x000002ba0a49bb10 code [0x000002ba0a49bcc0, 0x000002ba0a49be48]
Event: 2791.163 Thread 0x000002ba116bcf30 11948       1       java.lang.ProcessImpl$$Lambda$1326/0x00000001006f2dc8::<init> (10 bytes)
Event: 2791.163 Thread 0x000002ba116bcf30 nmethod 11948 0x000002ba0a49b810 code [0x000002ba0a49b9a0, 0x000002ba0a49ba78]
Event: 2791.163 Thread 0x000002ba116bcf30 11950       1       java.lang.ProcessHandleImpl::getInternal (13 bytes)
Event: 2791.163 Thread 0x000002ba116bcf30 nmethod 11950 0x000002ba0a49b490 code [0x000002ba0a49b620, 0x000002ba0a49b788]
Event: 2791.163 Thread 0x000002ba116bcf30 11951       1       java.lang.ProcessImpl$2::<init> (20 bytes)
Event: 2791.163 Thread 0x000002ba116bcf30 nmethod 11951 0x000002ba0a49b110 code [0x000002ba0a49b2a0, 0x000002ba0a49b418]
Event: 2791.163 Thread 0x000002ba116bcf30 11952       1       java.lang.ProcessImpl$2::run (5 bytes)
Event: 2791.163 Thread 0x000002ba116bcf30 nmethod 11952 0x000002ba0a49ae10 code [0x000002ba0a49afa0, 0x000002ba0a49b088]
Event: 2791.163 Thread 0x000002ba116bcf30 11953       1       java.lang.ProcessImpl$2::run (242 bytes)
Event: 2791.164 Thread 0x000002ba116bcf30 nmethod 11953 0x000002ba0a499790 code [0x000002ba0a499a40, 0x000002ba0a49a7d8]
Event: 2791.243 Thread 0x000002ba116bcf30 11954   !   1       java.io.FilterOutputStream::close (183 bytes)
Event: 2791.280 Thread 0x000002ba116bcf30 nmethod 11954 0x000002ba0a498610 code [0x000002ba0a498820, 0x000002ba0a498cf8]
Event: 2791.280 Thread 0x000002ba116bcf30 11956       1       java.lang.ProcessImpl$$Lambda$1326/0x00000001006f2dc8::run (8 bytes)
Event: 2791.280 Thread 0x000002ba116bcf30 nmethod 11956 0x000002ba0a498310 code [0x000002ba0a4984a0, 0x000002ba0a498588]
Event: 2791.280 Thread 0x000002ba116bcf30 11957       1       java.lang.ProcessImpl::lambda$new$0 (6 bytes)
Event: 2791.280 Thread 0x000002ba116bcf30 nmethod 11957 0x000002ba0a498010 code [0x000002ba0a4981a0, 0x000002ba0a498268]

GC Heap History (20 events):
Event: 3693.757 GC heap before
{Heap before GC invocations=427 (full 344):
 garbage-first heap   total 337920K, used 99014K [0x00000000c0000000, 0x0000000100000000)
  region size 1024K, 1 young (1024K), 0 survivors (0K)
 Metaspace       used 75452K, committed 75904K, reserved 1179648K
  class space    used 10329K, committed 10560K, reserved 1048576K
}
Event: 3693.796 GC heap after
{Heap after GC invocations=428 (full 345):
 garbage-first heap   total 337920K, used 99014K [0x00000000c0000000, 0x0000000100000000)
  region size 1024K, 0 young (0K), 0 survivors (0K)
 Metaspace       used 75452K, committed 75904K, reserved 1179648K
  class space    used 10329K, committed 10560K, reserved 1048576K
}
Event: 3703.899 GC heap before
{Heap before GC invocations=428 (full 345):
 garbage-first heap   total 337920K, used 99014K [0x00000000c0000000, 0x0000000100000000)
  region size 1024K, 1 young (1024K), 0 survivors (0K)
 Metaspace       used 75452K, committed 75904K, reserved 1179648K
  class space    used 10329K, committed 10560K, reserved 1048576K
}
Event: 3703.946 GC heap after
{Heap after GC invocations=429 (full 346):
 garbage-first heap   total 337920K, used 99014K [0x00000000c0000000, 0x0000000100000000)
  region size 1024K, 0 young (0K), 0 survivors (0K)
 Metaspace       used 75452K, committed 75904K, reserved 1179648K
  class space    used 10329K, committed 10560K, reserved 1048576K
}
Event: 3714.045 GC heap before
{Heap before GC invocations=429 (full 346):
 garbage-first heap   total 337920K, used 99014K [0x00000000c0000000, 0x0000000100000000)
  region size 1024K, 1 young (1024K), 0 survivors (0K)
 Metaspace       used 75452K, committed 75904K, reserved 1179648K
  class space    used 10329K, committed 10560K, reserved 1048576K
}
Event: 3714.083 GC heap after
{Heap after GC invocations=430 (full 347):
 garbage-first heap   total 337920K, used 99014K [0x00000000c0000000, 0x0000000100000000)
  region size 1024K, 0 young (0K), 0 survivors (0K)
 Metaspace       used 75452K, committed 75904K, reserved 1179648K
  class space    used 10329K, committed 10560K, reserved 1048576K
}
Event: 3724.207 GC heap before
{Heap before GC invocations=430 (full 347):
 garbage-first heap   total 337920K, used 99014K [0x00000000c0000000, 0x0000000100000000)
  region size 1024K, 1 young (1024K), 0 survivors (0K)
 Metaspace       used 75452K, committed 75904K, reserved 1179648K
  class space    used 10329K, committed 10560K, reserved 1048576K
}
Event: 3724.249 GC heap after
{Heap after GC invocations=431 (full 348):
 garbage-first heap   total 337920K, used 99014K [0x00000000c0000000, 0x0000000100000000)
  region size 1024K, 0 young (0K), 0 survivors (0K)
 Metaspace       used 75452K, committed 75904K, reserved 1179648K
  class space    used 10329K, committed 10560K, reserved 1048576K
}
Event: 3734.430 GC heap before
{Heap before GC invocations=431 (full 348):
 garbage-first heap   total 337920K, used 99014K [0x00000000c0000000, 0x0000000100000000)
  region size 1024K, 1 young (1024K), 0 survivors (0K)
 Metaspace       used 75452K, committed 75904K, reserved 1179648K
  class space    used 10329K, committed 10560K, reserved 1048576K
}
Event: 3734.491 GC heap after
{Heap after GC invocations=432 (full 349):
 garbage-first heap   total 337920K, used 99014K [0x00000000c0000000, 0x0000000100000000)
  region size 1024K, 0 young (0K), 0 survivors (0K)
 Metaspace       used 75452K, committed 75904K, reserved 1179648K
  class space    used 10329K, committed 10560K, reserved 1048576K
}
Event: 3744.585 GC heap before
{Heap before GC invocations=432 (full 349):
 garbage-first heap   total 337920K, used 99014K [0x00000000c0000000, 0x0000000100000000)
  region size 1024K, 1 young (1024K), 0 survivors (0K)
 Metaspace       used 75452K, committed 75904K, reserved 1179648K
  class space    used 10329K, committed 10560K, reserved 1048576K
}
Event: 3744.622 GC heap after
{Heap after GC invocations=433 (full 350):
 garbage-first heap   total 337920K, used 99014K [0x00000000c0000000, 0x0000000100000000)
  region size 1024K, 0 young (0K), 0 survivors (0K)
 Metaspace       used 75452K, committed 75904K, reserved 1179648K
  class space    used 10329K, committed 10560K, reserved 1048576K
}
Event: 3754.712 GC heap before
{Heap before GC invocations=433 (full 350):
 garbage-first heap   total 337920K, used 99014K [0x00000000c0000000, 0x0000000100000000)
  region size 1024K, 1 young (1024K), 0 survivors (0K)
 Metaspace       used 75452K, committed 75904K, reserved 1179648K
  class space    used 10329K, committed 10560K, reserved 1048576K
}
Event: 3754.750 GC heap after
{Heap after GC invocations=434 (full 351):
 garbage-first heap   total 337920K, used 99014K [0x00000000c0000000, 0x0000000100000000)
  region size 1024K, 0 young (0K), 0 survivors (0K)
 Metaspace       used 75452K, committed 75904K, reserved 1179648K
  class space    used 10329K, committed 10560K, reserved 1048576K
}
Event: 3764.839 GC heap before
{Heap before GC invocations=434 (full 351):
 garbage-first heap   total 337920K, used 99014K [0x00000000c0000000, 0x0000000100000000)
  region size 1024K, 1 young (1024K), 0 survivors (0K)
 Metaspace       used 75452K, committed 75904K, reserved 1179648K
  class space    used 10329K, committed 10560K, reserved 1048576K
}
Event: 3764.875 GC heap after
{Heap after GC invocations=435 (full 352):
 garbage-first heap   total 337920K, used 99014K [0x00000000c0000000, 0x0000000100000000)
  region size 1024K, 0 young (0K), 0 survivors (0K)
 Metaspace       used 75452K, committed 75904K, reserved 1179648K
  class space    used 10329K, committed 10560K, reserved 1048576K
}
Event: 3774.973 GC heap before
{Heap before GC invocations=435 (full 352):
 garbage-first heap   total 337920K, used 99014K [0x00000000c0000000, 0x0000000100000000)
  region size 1024K, 1 young (1024K), 0 survivors (0K)
 Metaspace       used 75452K, committed 75904K, reserved 1179648K
  class space    used 10329K, committed 10560K, reserved 1048576K
}
Event: 3775.011 GC heap after
{Heap after GC invocations=436 (full 353):
 garbage-first heap   total 337920K, used 99014K [0x00000000c0000000, 0x0000000100000000)
  region size 1024K, 0 young (0K), 0 survivors (0K)
 Metaspace       used 75452K, committed 75904K, reserved 1179648K
  class space    used 10329K, committed 10560K, reserved 1048576K
}
Event: 3785.103 GC heap before
{Heap before GC invocations=436 (full 353):
 garbage-first heap   total 337920K, used 99014K [0x00000000c0000000, 0x0000000100000000)
  region size 1024K, 1 young (1024K), 0 survivors (0K)
 Metaspace       used 75452K, committed 75904K, reserved 1179648K
  class space    used 10329K, committed 10560K, reserved 1048576K
}
Event: 3785.140 GC heap after
{Heap after GC invocations=437 (full 354):
 garbage-first heap   total 337920K, used 99014K [0x00000000c0000000, 0x0000000100000000)
  region size 1024K, 0 young (0K), 0 survivors (0K)
 Metaspace       used 75452K, committed 75904K, reserved 1179648K
  class space    used 10329K, committed 10560K, reserved 1048576K
}

Dll operation events (10 events):
Event: 0.011 Loaded shared library c:\Users\MSI PC\.vscode\extensions\redhat.java-1.21.0-win32-x64\jre\17.0.7-win32-x86_64\bin\java.dll
Event: 0.199 Loaded shared library C:\Users\MSI PC\.vscode\extensions\redhat.java-1.21.0-win32-x64\jre\17.0.7-win32-x86_64\bin\net.dll
Event: 0.200 Loaded shared library C:\Users\MSI PC\.vscode\extensions\redhat.java-1.21.0-win32-x64\jre\17.0.7-win32-x86_64\bin\nio.dll
Event: 0.546 Loaded shared library C:\Users\MSI PC\.vscode\extensions\redhat.java-1.21.0-win32-x64\jre\17.0.7-win32-x86_64\bin\zip.dll
Event: 4.826 Loaded shared library C:\Users\MSI PC\.vscode\extensions\redhat.java-1.21.0-win32-x64\jre\17.0.7-win32-x86_64\bin\jimage.dll
Event: 8.528 Loaded shared library C:\Users\MSI PC\.vscode\extensions\redhat.java-1.21.0-win32-x64\jre\17.0.7-win32-x86_64\bin\management.dll
Event: 8.530 Loaded shared library C:\Users\MSI PC\.vscode\extensions\redhat.java-1.21.0-win32-x64\jre\17.0.7-win32-x86_64\bin\management_ext.dll
Event: 10.137 Loaded shared library C:\Users\MSI PC\.vscode\extensions\redhat.java-1.21.0-win32-x64\jre\17.0.7-win32-x86_64\bin\sunmscapi.dll
Event: 19.077 Loaded shared library c:\Users\MSI PC\.vscode\extensions\redhat.java-1.21.0-win32-x64\jre\17.0.7-win32-x86_64\bin\verify.dll
Event: 22.606 Loaded shared library C:\Users\MSI PC\AppData\Local\Temp\snappy-1.1.10-0bfae7d2-4cef-4fca-9e8b-ab0798f99f6f-snappyjava.dll

Deoptimization events (20 events):
Event: 19.731 Thread 0x000002ba1746fb50 DEOPT PACKING pc=0x000002ba09f572a4 sp=0x000000e2029fe3f0
Event: 19.731 Thread 0x000002ba1746fb50 DEOPT UNPACKING pc=0x000002ba08fb7143 sp=0x000000e2029fd970 mode 0
Event: 19.731 Thread 0x000002ba1746fb50 DEOPT PACKING pc=0x000002ba09fa8f2c sp=0x000000e2029fe710
Event: 19.731 Thread 0x000002ba1746fb50 DEOPT UNPACKING pc=0x000002ba08fb7143 sp=0x000000e2029fdba0 mode 0
Event: 22.410 Thread 0x000002ba175eee10 DEOPT PACKING pc=0x000002ba0a1a360c sp=0x000000e202cfdb40
Event: 22.410 Thread 0x000002ba175eee10 DEOPT UNPACKING pc=0x000002ba08fb7143 sp=0x000000e202cfd088 mode 0
Event: 22.422 Thread 0x000002ba175eee10 DEOPT PACKING pc=0x000002ba0a1a366c sp=0x000000e202cfde70
Event: 22.422 Thread 0x000002ba175eee10 DEOPT UNPACKING pc=0x000002ba08fb7143 sp=0x000000e202cfd3c0 mode 0
Event: 22.422 Thread 0x000002ba175eee10 DEOPT PACKING pc=0x000002ba0a1a366c sp=0x000000e202cfe100
Event: 22.422 Thread 0x000002ba175eee10 DEOPT UNPACKING pc=0x000002ba08fb7143 sp=0x000000e202cfd650 mode 0
Event: 22.422 Thread 0x000002ba175eee10 DEOPT PACKING pc=0x000002ba0a1a366c sp=0x000000e202cfe430
Event: 22.422 Thread 0x000002ba175eee10 DEOPT UNPACKING pc=0x000002ba08fb7143 sp=0x000000e202cfd980 mode 0
Event: 22.422 Thread 0x000002ba175eee10 DEOPT PACKING pc=0x000002ba0a1a366c sp=0x000000e202cfe710
Event: 22.422 Thread 0x000002ba175eee10 DEOPT UNPACKING pc=0x000002ba08fb7143 sp=0x000000e202cfdc60 mode 0
Event: 1784.132 Thread 0x000002ba16eed490 DEOPT PACKING pc=0x000002ba094bf354 sp=0x000000e2024feb40
Event: 1784.135 Thread 0x000002ba16eed490 DEOPT UNPACKING pc=0x000002ba08fb7143 sp=0x000000e2024fdfc8 mode 0
Event: 2278.013 Thread 0x000002ba175efc80 DEOPT PACKING pc=0x000002ba09a754f8 sp=0x000000e2029fc4b0
Event: 2278.014 Thread 0x000002ba175efc80 DEOPT UNPACKING pc=0x000002ba08fb7143 sp=0x000000e2029fb968 mode 3
Event: 2278.014 Thread 0x000002ba175efc80 DEOPT PACKING pc=0x000002ba09a74304 sp=0x000000e2029fc3c0
Event: 2278.014 Thread 0x000002ba175efc80 DEOPT UNPACKING pc=0x000002ba08fb7143 sp=0x000000e2029fb8a0 mode 3

Classes unloaded (20 events):
Event: 1881.019 Thread 0x000002ba1154e400 Unloading class 0x00000001008f0000 'java/lang/invoke/LambdaForm$MH+0x00000001008f0000'
Event: 1891.248 Thread 0x000002ba1154e400 Unloading class 0x00000001000c8c00 'java/lang/invoke/LambdaForm$MH+0x00000001000c8c00'
Event: 1891.248 Thread 0x000002ba1154e400 Unloading class 0x00000001000c9400 'java/lang/invoke/LambdaForm$MH+0x00000001000c9400'
Event: 1891.248 Thread 0x000002ba1154e400 Unloading class 0x00000001000c9c00 'java/lang/invoke/LambdaForm$MH+0x00000001000c9c00'
Event: 1891.248 Thread 0x000002ba1154e400 Unloading class 0x00000001000ca400 'java/lang/invoke/LambdaForm$MH+0x00000001000ca400'
Event: 1891.248 Thread 0x000002ba1154e400 Unloading class 0x00000001000d0400 'java/lang/invoke/LambdaForm$MH+0x00000001000d0400'
Event: 1891.248 Thread 0x000002ba1154e400 Unloading class 0x00000001000d2000 'java/lang/invoke/LambdaForm$MH+0x00000001000d2000'
Event: 1891.248 Thread 0x000002ba1154e400 Unloading class 0x000000010039dc00 'java/lang/invoke/LambdaForm$MH+0x000000010039dc00'
Event: 1891.248 Thread 0x000002ba1154e400 Unloading class 0x000000010039ec00 'java/lang/invoke/LambdaForm$MH+0x000000010039ec00'
Event: 1891.248 Thread 0x000002ba1154e400 Unloading class 0x00000001003a8c00 'java/lang/invoke/LambdaForm$MH+0x00000001003a8c00'
Event: 1891.248 Thread 0x000002ba1154e400 Unloading class 0x0000000100424400 'java/lang/invoke/LambdaForm$MH+0x0000000100424400'
Event: 1891.248 Thread 0x000002ba1154e400 Unloading class 0x00000001008f8000 'java/lang/invoke/LambdaForm$MH+0x00000001008f8000'
Event: 2537.978 Thread 0x000002ba1154e400 Unloading class 0x0000000100a41000 'java/lang/invoke/LambdaForm$MH+0x0000000100a41000'
Event: 2537.984 Thread 0x000002ba1154e400 Unloading class 0x0000000100a40c00 'java/lang/invoke/LambdaForm$MH+0x0000000100a40c00'
Event: 2537.984 Thread 0x000002ba1154e400 Unloading class 0x0000000100a40800 'java/lang/invoke/LambdaForm$MH+0x0000000100a40800'
Event: 2537.984 Thread 0x000002ba1154e400 Unloading class 0x0000000100a40400 'java/lang/invoke/LambdaForm$MH+0x0000000100a40400'
Event: 2537.984 Thread 0x000002ba1154e400 Unloading class 0x0000000100a40000 'java/lang/invoke/LambdaForm$MH+0x0000000100a40000'
Event: 2537.984 Thread 0x000002ba1154e400 Unloading class 0x0000000100a3d400 'java/lang/invoke/LambdaForm$MH+0x0000000100a3d400'
Event: 2537.984 Thread 0x000002ba1154e400 Unloading class 0x0000000100a3cc00 'jdk/internal/reflect/GeneratedMethodAccessor31'
Event: 2537.984 Thread 0x000002ba1154e400 Unloading class 0x0000000100a3c400 'jdk/internal/reflect/GeneratedConstructorAccessor62'

Classes redefined (0 events):
No events

Internal exceptions (20 events):
Event: 2280.999 Thread 0x000002ba17c8e5e0 Exception <a 'sun/nio/fs/WindowsException'{0x00000000e189bf90}> (0x00000000e189bf90) 
thrown [s\src\hotspot\share\prims\jni.cpp, line 516]
Event: 2280.999 Thread 0x000002ba17c8e5e0 Exception <a 'sun/nio/fs/WindowsException'{0x00000000e189c350}> (0x00000000e189c350) 
thrown [s\src\hotspot\share\prims\jni.cpp, line 516]
Event: 2281.004 Thread 0x000002ba17c91ad0 Exception <a 'sun/nio/fs/WindowsException'{0x00000000e0cde4f0}> (0x00000000e0cde4f0) 
thrown [s\src\hotspot\share\prims\jni.cpp, line 516]
Event: 2281.004 Thread 0x000002ba17c91ad0 Exception <a 'sun/nio/fs/WindowsException'{0x00000000e0cde9b8}> (0x00000000e0cde9b8) 
thrown [s\src\hotspot\share\prims\jni.cpp, line 516]
Event: 2281.004 Thread 0x000002ba17c91ad0 Exception <a 'sun/nio/fs/WindowsException'{0x00000000e0cdf5c0}> (0x00000000e0cdf5c0) 
thrown [s\src\hotspot\share\prims\jni.cpp, line 516]
Event: 2281.004 Thread 0x000002ba17c91ad0 Exception <a 'sun/nio/fs/WindowsException'{0x00000000e0cdfaa0}> (0x00000000e0cdfaa0) 
thrown [s\src\hotspot\share\prims\jni.cpp, line 516]
Event: 2281.005 Thread 0x000002ba17c91ad0 Exception <a 'sun/nio/fs/WindowsException'{0x00000000e0cf6b00}> (0x00000000e0cf6b00) 
thrown [s\src\hotspot\share\prims\jni.cpp, line 516]
Event: 2281.005 Thread 0x000002ba17c91ad0 Exception <a 'sun/nio/fs/WindowsException'{0x00000000e0cf6f78}> (0x00000000e0cf6f78) 
thrown [s\src\hotspot\share\prims\jni.cpp, line 516]
Event: 2281.005 Thread 0x000002ba17c91ad0 Exception <a 'sun/nio/fs/WindowsException'{0x00000000e0cf7b30}> (0x00000000e0cf7b30) 
thrown [s\src\hotspot\share\prims\jni.cpp, line 516]
Event: 2281.005 Thread 0x000002ba17c91ad0 Exception <a 'sun/nio/fs/WindowsException'{0x00000000e0cf7fc8}> (0x00000000e0cf7fc8) 
thrown [s\src\hotspot\share\prims\jni.cpp, line 516]
Event: 2281.017 Thread 0x000002ba17470e90 Exception <a 'sun/nio/fs/WindowsException'{0x00000000e1d7f550}> (0x00000000e1d7f550) 
thrown [s\src\hotspot\share\prims\jni.cpp, line 516]
Event: 2281.018 Thread 0x000002ba17470e90 Exception <a 'sun/nio/fs/WindowsException'{0x00000000e1d7f920}> (0x00000000e1d7f920) 
thrown [s\src\hotspot\share\prims\jni.cpp, line 516]
Event: 2281.018 Thread 0x000002ba17470e90 Exception <a 'sun/nio/fs/WindowsException'{0x00000000e1d80320}> (0x00000000e1d80320) 
thrown [s\src\hotspot\share\prims\jni.cpp, line 516]
Event: 2281.018 Thread 0x000002ba17470e90 Exception <a 'sun/nio/fs/WindowsException'{0x00000000e1d80710}> (0x00000000e1d80710) 
thrown [s\src\hotspot\share\prims\jni.cpp, line 516]
Event: 2281.026 Thread 0x000002ba17c8e110 Exception <a 'sun/nio/fs/WindowsException'{0x00000000dfc89648}> (0x00000000dfc89648) 
thrown [s\src\hotspot\share\prims\jni.cpp, line 516]
Event: 2281.026 Thread 0x000002ba17c8e110 Exception <a 'sun/nio/fs/WindowsException'{0x00000000dfc89a28}> (0x00000000dfc89a28) 
thrown [s\src\hotspot\share\prims\jni.cpp, line 516]
Event: 2281.026 Thread 0x000002ba17c8e110 Exception <a 'sun/nio/fs/WindowsException'{0x00000000dfc8a440}> (0x00000000dfc8a440) 
thrown [s\src\hotspot\share\prims\jni.cpp, line 516]
Event: 2281.026 Thread 0x000002ba17c8e110 Exception <a 'sun/nio/fs/WindowsException'{0x00000000dfc8a840}> (0x00000000dfc8a840) 
thrown [s\src\hotspot\share\prims\jni.cpp, line 516]
Event: 2281.539 Thread 0x000002ba175f0af0 Exception <a 'java/lang/NoSuchMethodError'{0x00000000dbab2708}: 'java.lang.Object java.lang.invoke.DirectMethodHandle$Holder.newInvokeSpecial(java.lang.Object, java.lang.Object, java.lang.Object, java.lang.Object, java.lang.Object, long)'> (0x00000000dbab2708) 
thrown [s\src\hotspot\share\interpreter\linkResolver.cpp, line 759]
Event: 2281.539 Thread 0x000002ba175f0af0 Exception <a 'java/lang/NoSuchMethodError'{0x00000000dbab6d78}: 'java.lang.Object java.lang.invoke.DirectMethodHandle$Holder.invokeSpecial(java.lang.Object, java.lang.Object, java.lang.Object, java.lang.Object, java.lang.Object, java.lang.Object, long)'> (0x00000000dbab6d78) 
thrown [s\src\hotspot\share\interpreter\linkResolver.cpp, line 759]

VM Operations (20 events):
Event: 3693.796 Executing VM operation: G1CollectFull done
Event: 3703.898 Executing VM operation: G1CollectFull
Event: 3703.946 Executing VM operation: G1CollectFull done
Event: 3714.045 Executing VM operation: G1CollectFull
Event: 3714.083 Executing VM operation: G1CollectFull done
Event: 3724.207 Executing VM operation: G1CollectFull
Event: 3724.249 Executing VM operation: G1CollectFull done
Event: 3734.430 Executing VM operation: G1CollectFull
Event: 3734.492 Executing VM operation: G1CollectFull done
Event: 3744.585 Executing VM operation: G1CollectFull
Event: 3744.622 Executing VM operation: G1CollectFull done
Event: 3754.712 Executing VM operation: G1CollectFull
Event: 3754.750 Executing VM operation: G1CollectFull done
Event: 3764.839 Executing VM operation: G1CollectFull
Event: 3764.875 Executing VM operation: G1CollectFull done
Event: 3774.973 Executing VM operation: G1CollectFull
Event: 3775.011 Executing VM operation: G1CollectFull done
Event: 3785.103 Executing VM operation: G1CollectFull
Event: 3785.140 Executing VM operation: G1CollectFull done
Event: 3795.263 Executing VM operation: G1CollectFull

Events (20 events):
Event: 2281.203 Thread 0x000002ba17c8e110 Thread exited: 0x000002ba17c8e110
Event: 2281.203 Thread 0x000002ba17470e90 Thread exited: 0x000002ba17470e90
Event: 2281.203 Thread 0x000002ba17c8d770 Thread exited: 0x000002ba17c8d770
Event: 2281.203 Thread 0x000002ba17470020 Thread exited: 0x000002ba17470020
Event: 2281.203 Thread 0x000002ba17471d00 Thread exited: 0x000002ba17471d00
Event: 2281.203 Thread 0x000002ba17471360 Thread exited: 0x000002ba17471360
Event: 2281.203 Thread 0x000002ba175ed600 Thread exited: 0x000002ba175ed600
Event: 2281.203 Thread 0x000002ba17c91ad0 Thread exited: 0x000002ba17c91ad0
Event: 2281.203 Thread 0x000002ba174721d0 Thread exited: 0x000002ba174721d0
Event: 2282.413 Thread 0x000002ba175f0620 Thread exited: 0x000002ba175f0620
Event: 2286.827 Thread 0x000002ba180c4eb0 Thread exited: 0x000002ba180c4eb0
Event: 2341.539 Thread 0x000002ba175f2ca0 Thread exited: 0x000002ba175f2ca0
Event: 2341.539 Thread 0x000002ba175f4980 Thread exited: 0x000002ba175f4980
Event: 2341.539 Thread 0x000002ba175efc80 Thread exited: 0x000002ba175efc80
Event: 2341.539 Thread 0x000002ba175f3170 Thread exited: 0x000002ba175f3170
Event: 2341.539 Thread 0x000002ba175eee10 Thread exited: 0x000002ba175eee10
Event: 2341.825 Thread 0x000002ba175f3fe0 Thread exited: 0x000002ba175f3fe0
Event: 2341.831 Thread 0x000002ba175f1490 Thread exited: 0x000002ba175f1490
Event: 2401.832 Thread 0x000002ba175ef2e0 Thread exited: 0x000002ba175ef2e0
Event: 2461.832 Thread 0x000002ba175f3b10 Thread exited: 0x000002ba175f3b10


Dynamic libraries:
0x00007ff7c2040000 - 0x00007ff7c204e000 	c:\Users\MSI PC\.vscode\extensions\redhat.java-1.21.0-win32-x64\jre\17.0.7-win32-x86_64\bin\java.exe
0x00007fffba6f0000 - 0x00007fffba904000 	C:\WINDOWS\SYSTEM32\ntdll.dll
0x00007fffb9c90000 - 0x00007fffb9d52000 	C:\WINDOWS\System32\KERNEL32.DLL
0x00007fffb7ea0000 - 0x00007fffb8243000 	C:\WINDOWS\System32\KERNELBASE.dll
0x00007fffb7c10000 - 0x00007fffb7d21000 	C:\WINDOWS\System32\ucrtbase.dll
0x00007fffb3060000 - 0x00007fffb3079000 	c:\Users\MSI PC\.vscode\extensions\redhat.java-1.21.0-win32-x64\jre\17.0.7-win32-x86_64\bin\VCRUNTIME140.dll
0x00007fffb3040000 - 0x00007fffb3057000 	c:\Users\MSI PC\.vscode\extensions\redhat.java-1.21.0-win32-x64\jre\17.0.7-win32-x86_64\bin\jli.dll
0x00007fffb9d60000 - 0x00007fffb9f0a000 	C:\WINDOWS\System32\USER32.dll
0x00007fffaffb0000 - 0x00007fffb023e000 	C:\WINDOWS\WinSxS\amd64_microsoft.windows.common-controls_6595b64144ccf1df_6.0.22621.1635_none_270f70857386168e\COMCTL32.dll
0x00007fffb7af0000 - 0x00007fffb7b16000 	C:\WINDOWS\System32\win32u.dll
0x00007fffb8cd0000 - 0x00007fffb8d77000 	C:\WINDOWS\System32\msvcrt.dll
0x00007fffb9730000 - 0x00007fffb9759000 	C:\WINDOWS\System32\GDI32.dll
0x00007fffb8250000 - 0x00007fffb8369000 	C:\WINDOWS\System32\gdi32full.dll
0x00007fffb8370000 - 0x00007fffb840a000 	C:\WINDOWS\System32\msvcp_win.dll
0x00007fffb9760000 - 0x00007fffb9791000 	C:\WINDOWS\System32\IMM32.DLL
0x00007fffb1e90000 - 0x00007fffb1e9c000 	c:\Users\MSI PC\.vscode\extensions\redhat.java-1.21.0-win32-x64\jre\17.0.7-win32-x86_64\bin\vcruntime140_1.dll
0x00007fff173d0000 - 0x00007fff17461000 	c:\Users\MSI PC\.vscode\extensions\redhat.java-1.21.0-win32-x64\jre\17.0.7-win32-x86_64\bin\msvcp140.dll
0x00007fff14d10000 - 0x00007fff15958000 	c:\Users\MSI PC\.vscode\extensions\redhat.java-1.21.0-win32-x64\jre\17.0.7-win32-x86_64\bin\server\jvm.dll
0x00007fffb9360000 - 0x00007fffb940e000 	C:\WINDOWS\System32\ADVAPI32.dll
0x00007fffb94c0000 - 0x00007fffb9564000 	C:\WINDOWS\System32\sechost.dll
0x00007fffb9f20000 - 0x00007fffba037000 	C:\WINDOWS\System32\RPCRT4.dll
0x00007fffaed00000 - 0x00007fffaed34000 	C:\WINDOWS\SYSTEM32\WINMM.dll
0x00007fffab4d0000 - 0x00007fffab4d9000 	C:\WINDOWS\SYSTEM32\WSOCK32.dll
0x00007fffaffa0000 - 0x00007fffaffaa000 	C:\WINDOWS\SYSTEM32\VERSION.dll
0x00007fffb8f50000 - 0x00007fffb8fc1000 	C:\WINDOWS\System32\WS2_32.dll
0x00007fffb6b30000 - 0x00007fffb6b48000 	C:\WINDOWS\SYSTEM32\kernel.appcore.dll
0x00007fffacab0000 - 0x00007fffacaba000 	c:\Users\MSI PC\.vscode\extensions\redhat.java-1.21.0-win32-x64\jre\17.0.7-win32-x86_64\bin\jimage.dll
0x00007fffac470000 - 0x00007fffac69e000 	C:\WINDOWS\SYSTEM32\DBGHELP.DLL
0x00007fffb8fd0000 - 0x00007fffb9359000 	C:\WINDOWS\System32\combase.dll
0x00007fffb9870000 - 0x00007fffb9947000 	C:\WINDOWS\System32\OLEAUT32.dll
0x00007fffaecc0000 - 0x00007fffaecf2000 	C:\WINDOWS\SYSTEM32\dbgcore.DLL
0x00007fffb7b20000 - 0x00007fffb7b9a000 	C:\WINDOWS\System32\bcryptPrimitives.dll
0x00007fff318d0000 - 0x00007fff318f5000 	c:\Users\MSI PC\.vscode\extensions\redhat.java-1.21.0-win32-x64\jre\17.0.7-win32-x86_64\bin\java.dll
0x00007fff634a0000 - 0x00007fff634b8000 	c:\Users\MSI PC\.vscode\extensions\redhat.java-1.21.0-win32-x64\jre\17.0.7-win32-x86_64\bin\zip.dll
0x00007fffb84d0000 - 0x00007fffb8cc9000 	C:\WINDOWS\System32\SHELL32.dll
0x00007fffb5ae0000 - 0x00007fffb63ae000 	C:\WINDOWS\SYSTEM32\windows.storage.dll
0x00007fffb59a0000 - 0x00007fffb5ade000 	C:\WINDOWS\SYSTEM32\wintypes.dll
0x00007fffb8e50000 - 0x00007fffb8f41000 	C:\WINDOWS\System32\SHCORE.dll
0x00007fffb9a50000 - 0x00007fffb9aae000 	C:\WINDOWS\System32\shlwapi.dll
0x00007fffb7a20000 - 0x00007fffb7a46000 	C:\WINDOWS\SYSTEM32\profapi.dll
0x00007fff62f70000 - 0x00007fff62f89000 	C:\Users\MSI PC\.vscode\extensions\redhat.java-1.21.0-win32-x64\jre\17.0.7-win32-x86_64\bin\net.dll
0x00007fffb2820000 - 0x00007fffb2957000 	C:\WINDOWS\SYSTEM32\WINHTTP.dll
0x00007fffb6fb0000 - 0x00007fffb7019000 	C:\WINDOWS\system32\mswsock.dll
0x00007fff44050000 - 0x00007fff44065000 	C:\Users\MSI PC\.vscode\extensions\redhat.java-1.21.0-win32-x64\jre\17.0.7-win32-x86_64\bin\nio.dll
0x00007fffb7280000 - 0x00007fffb729b000 	C:\WINDOWS\SYSTEM32\CRYPTSP.dll
0x00007fffb6aa0000 - 0x00007fffb6ad5000 	C:\WINDOWS\system32\rsaenh.dll
0x00007fffb7120000 - 0x00007fffb714c000 	C:\WINDOWS\SYSTEM32\USERENV.dll
0x00007fffb7440000 - 0x00007fffb7468000 	C:\WINDOWS\SYSTEM32\bcrypt.dll
0x00007fffb72a0000 - 0x00007fffb72ac000 	C:\WINDOWS\SYSTEM32\CRYPTBASE.dll
0x00007fffb6610000 - 0x00007fffb663d000 	C:\WINDOWS\SYSTEM32\IPHLPAPI.DLL
0x00007fffb96a0000 - 0x00007fffb96a9000 	C:\WINDOWS\System32\NSI.dll
0x00007fffb09d0000 - 0x00007fffb09e9000 	C:\WINDOWS\SYSTEM32\dhcpcsvc6.DLL
0x00007fffb0950000 - 0x00007fffb096f000 	C:\WINDOWS\SYSTEM32\dhcpcsvc.DLL
0x00007fffb6680000 - 0x00007fffb6773000 	C:\WINDOWS\SYSTEM32\DNSAPI.dll
0x00007fff64390000 - 0x00007fff64399000 	C:\Users\MSI PC\.vscode\extensions\redhat.java-1.21.0-win32-x64\jre\17.0.7-win32-x86_64\bin\management.dll
0x00007fff629c0000 - 0x00007fff629cb000 	C:\Users\MSI PC\.vscode\extensions\redhat.java-1.21.0-win32-x64\jre\17.0.7-win32-x86_64\bin\management_ext.dll
0x00007fffb94b0000 - 0x00007fffb94b8000 	C:\WINDOWS\System32\PSAPI.DLL
0x00007fff60f60000 - 0x00007fff60f6e000 	C:\Users\MSI PC\.vscode\extensions\redhat.java-1.21.0-win32-x64\jre\17.0.7-win32-x86_64\bin\sunmscapi.dll
0x00007fffb7d30000 - 0x00007fffb7e97000 	C:\WINDOWS\System32\CRYPT32.dll
0x00007fffb7410000 - 0x00007fffb743e000 	C:\WINDOWS\SYSTEM32\ncrypt.dll
0x00007fffb73d0000 - 0x00007fffb7407000 	C:\WINDOWS\SYSTEM32\NTASN1.dll
0x0000000066dc0000 - 0x0000000066de6000 	C:\Program Files\Bonjour\mdnsNSP.dll
0x00007fffb09c0000 - 0x00007fffb09ca000 	C:\Windows\System32\rasadhlp.dll
0x00007fffaf530000 - 0x00007fffaf5b4000 	C:\WINDOWS\System32\fwpuclnt.dll
0x00007fff74030000 - 0x00007fff74040000 	c:\Users\MSI PC\.vscode\extensions\redhat.java-1.21.0-win32-x64\jre\17.0.7-win32-x86_64\bin\verify.dll
0x0000000070fc0000 - 0x000000007108d000 	C:\Users\MSI PC\AppData\Local\Temp\snappy-1.1.10-0bfae7d2-4cef-4fca-9e8b-ab0798f99f6f-snappyjava.dll

dbghelp: loaded successfully - version: 4.0.5 - missing functions: none
symbol engine: initialized successfully - sym options: 0x614 - pdb path: .;c:\Users\MSI PC\.vscode\extensions\redhat.java-1.21.0-win32-x64\jre\17.0.7-win32-x86_64\bin;C:\WINDOWS\SYSTEM32;C:\WINDOWS\WinSxS\amd64_microsoft.windows.common-controls_6595b64144ccf1df_6.0.22621.1635_none_270f70857386168e;c:\Users\MSI PC\.vscode\extensions\redhat.java-1.21.0-win32-x64\jre\17.0.7-win32-x86_64\bin\server;C:\Program Files\Bonjour;C:\Users\MSI PC\AppData\Local\Temp

VM Arguments:
jvm_args: -XX:+HeapDumpOnOutOfMemoryError -Xmx1024m -Dsts.lsp.client=vscode -Dsts.log.file=/dev/null -XX:TieredStopAtLevel=1 -Xlog:jni+resolve=off -Dspring.config.location=file:c:\Users\MSI PC\.vscode\extensions\vmware.vscode-spring-boot-1.48.0\language-server\BOOT-INF\classes\application.properties 
java_command: org.springframework.ide.vscode.boot.app.BootLanguageServerBootApp
java_class_path (initial): c:\Users\MSI PC\.vscode\extensions\vmware.vscode-spring-boot-1.48.0\language-server\BOOT-INF\classes;c:\Users\MSI PC\.vscode\extensions\vmware.vscode-spring-boot-1.48.0\language-server\BOOT-INF\lib\annotations-24.0.1.jar;c:\Users\MSI PC\.vscode\extensions\vmware.vscode-spring-boot-1.48.0\language-server\BOOT-INF\lib\antlr-runtime-3.5.3.jar;c:\Users\MSI PC\.vscode\extensions\vmware.vscode-spring-boot-1.48.0\language-server\BOOT-INF\lib\antlr4-4.11.1.jar;c:\Users\MSI PC\.vscode\extensions\vmware.vscode-spring-boot-1.48.0\language-server\BOOT-INF\lib\antlr4-runtime-4.11.1.jar;c:\Users\MSI PC\.vscode\extensions\vmware.vscode-spring-boot-1.48.0\language-server\BOOT-INF\lib\archunit-1.0.1.jar;c:\Users\MSI PC\.vscode\extensions\vmware.vscode-spring-boot-1.48.0\language-server\BOOT-INF\lib\asm-9.5.jar;c:\Users\MSI PC\.vscode\extensions\vmware.vscode-spring-boot-1.48.0\language-server\BOOT-INF\lib\asm-analysis-9.5.jar;c:\Users\MSI PC\.vscode\extensions\vmware.vscode-spring-boot-1.48.0\language-server\BOOT-INF\lib\asm-tree-9.5.jar;c:\Users\MSI PC\.vscode\extensions\vmware.vscode-spring-boot-1.48.0\language-server\BOOT-INF\lib\asm-util-9.5.jar;c:\Users\MSI PC\.vscode\extensions\vmware.vscode-spring-boot-1.48.0\language-server\BOOT-INF\lib\bosh-language-server-1.48.0-SNAPSHOT.jar;c:\Users\MSI PC\.vscode\extensions\vmware.vscode-spring-boot-1.48.0\language-server\BOOT-INF\lib\caffeine-3.1.6.jar;c:\Users\MSI PC\.vscode\extensions\vmware.vscode-spring-boot-1.48.0\language-server\BOOT-INF\lib\checker-qual-3.12.0.jar;c:\Users\MSI PC\.vscode\extensions\vmware.vscode-spring-boot-1.48.0\language-server\BOOT-INF\lib\classgraph-4.8.149.jar;c:\Users\MSI PC\.vscode\extensions\vmware.vscode-spring-boot-1.48.0\language-server\BOOT-INF\lib\commons-codec-1.15.jar;c:\Users\MSI PC\.vscode\extensions\vmware.vscode-spring-boot-1.48.0\language-server\BOOT-INF\lib\commons-compress-1.23.0.jar;c:\Users\MSI PC\.vscode\extensions\vmware.vscode-spring-boot-1.48.0\language-ser
Launcher Type: SUN_STANDARD

[Global flags]
     intx CICompilerCount                          = 4                                         {product} {ergonomic}
     uint ConcGCThreads                            = 3                                         {product} {ergonomic}
     uint G1ConcRefinementThreads                  = 10                                        {product} {ergonomic}
   size_t G1HeapRegionSize                         = 1048576                                   {product} {ergonomic}
    uintx GCDrainStackTargetSize                   = 64                                        {product} {ergonomic}
     bool HeapDumpOnOutOfMemoryError               = true                                   {manageable} {command line}
   size_t InitialHeapSize                          = 125829120                                 {product} {ergonomic}
   size_t MarkStackSize                            = 4194304                                   {product} {ergonomic}
   size_t MaxHeapSize                              = 1073741824                                {product} {command line}
   size_t MaxNewSize                               = 643825664                                 {product} {ergonomic}
   size_t MinHeapDeltaBytes                        = 1048576                                   {product} {ergonomic}
   size_t MinHeapSize                              = 8388608                                   {product} {ergonomic}
    uintx NonProfiledCodeHeapSize                  = 0                                      {pd product} {ergonomic}
     bool ProfileInterpreter                       = false                                  {pd product} {command line}
    uintx ProfiledCodeHeapSize                     = 0                                      {pd product} {ergonomic}
   size_t SoftMaxHeapSize                          = 1073741824                             {manageable} {ergonomic}
     intx TieredStopAtLevel                        = 1                                         {product} {command line}
     bool UseCompressedClassPointers               = true                           {product lp64_product} {ergonomic}
     bool UseCompressedOops                        = true                           {product lp64_product} {ergonomic}
     bool UseG1GC                                  = true                                      {product} {ergonomic}
     bool UseLargePagesIndividualAllocation        = false                                  {pd product} {ergonomic}

Logging:
Log output configuration:
 #0: stdout all=warning,jni+resolve=off uptime,level,tags
 #1: stderr all=off uptime,level,tags

Environment Variables:
JAVA_HOME=C:\Program Files\Java\jdk-17\jdk-17
PATH=C:\Program Files\Java\jdk-17\bin;C:\Program Files\Common Files\Oracle\Java\javapath;C:\Python311\Scripts\;C:\Python311\;C:\Program Files\Java\jdk-11.0.17\bin;C:\Program Files (x86)\Common Files\Intel\Shared Libraries\redist\intel64\compiler;C:\WINDOWS\system32;C:\WINDOWS;C:\WINDOWS\System32\Wbem;C:\WINDOWS\System32\WindowsPowerShell\v1.0\;C:\WINDOWS\System32\OpenSSH\;C:\apache-tomcat-10.0.23\bin;C:\Program Files\Git\cmd;C:\Users\MSI PC\.jpm\windows\bin;C:\Program Files\nodejs\;C:\ProgramData\chocolatey\bin;C:\Program Files\Java\jdk-18.0.2.1\bin;C:\Users\MSI PC\AppData\Local\Microsoft\WindowsApps;C:\Users\MSI PC\AppData\Local\Programs\Microsoft VS Code\bin;C:\Program Files\JetBrains\IntelliJ IDEA Community Edition 2022.2.3\bin;;C:\Users\MSI PC\AppData\Roaming\npm;C:\Program Files\Java\jdk-17\jdk-17\bin;C:\Users\MSI PC\AppData\Local\GitHubDesktop\bin
USERNAME=MSI PC
OS=Windows_NT
PROCESSOR_IDENTIFIER=AMD64 Family 25 Model 80 Stepping 0, AuthenticAMD
TMP=C:\Users\MSIPC~1\AppData\Local\Temp
TEMP=C:\Users\MSIPC~1\AppData\Local\Temp



---------------  S Y S T E M  ---------------

OS:
 Windows 11 , 64 bit Build 22621 (10.0.22621.1928)
OS uptime: 0 days 1:39 hours

CPU: total 12 (initial active 12) (12 cores per cpu, 2 threads per core) family 25 model 80 stepping 0 microcode 0x0, cx8, cmov, fxsr, ht, mmx, 3dnowpref, sse, sse2, sse3, ssse3, sse4a, sse4.1, sse4.2, popcnt, lzcnt, tsc, tscinvbit, avx, avx2, aes, erms, clmul, bmi1, bmi2, adx, sha, fma, vzeroupper, clflush, clflushopt

Memory: 4k page, system-wide physical 7562M (366M free)
TotalPageFile size 31114M (AvailPageFile size 11M)
current process WorkingSet (physical memory assigned to process): 153M, peak: 1033M
current process commit charge ("private bytes"): 559M, peak: 1169M

vm_info: OpenJDK 64-Bit Server VM (17.0.7+7) for windows-amd64 JRE (17.0.7+7), built on Apr 18 2023 22:10:42 by "temurin" with MS VC++ 16.7 (VS2019)

END.
